/usr/cad/synopsys/synthesis/cur/auxx/gui/dv/dv_setup.tcl
/usr/cad/synopsys/synthesis/cur/auxx/gui/syn/snpsSynProcs.tcl
/usr/cad/synopsys/synthesis/cur/auxx/gui/syn/layout/pkgIndex.tcl
/usr/cad/synopsys/synthesis/cur/auxx/gui/common/WindowFrameWork/pkgIndex.tcl
/usr/cad/synopsys/synthesis/cur/auxx/gui/common/acg/pkgIndex.tcl
/usr/cad/synopsys/synthesis/cur/auxx/gui/common/commandform/pkgIndex.tcl
/usr/cad/synopsys/synthesis/cur/auxx/gui/common/dialogs/pkgIndex.tcl
/usr/cad/synopsys/synthesis/cur/auxx/gui/common/docBrowser/pkgIndex.tcl
/usr/cad/synopsys/synthesis/cur/auxx/gui/common/fanoutviewer/pkgIndex.tcl
/usr/cad/synopsys/synthesis/cur/auxx/gui/common/hierarchy/pkgIndex.tcl
/usr/cad/synopsys/synthesis/cur/auxx/gui/common/highlight/pkgIndex.tcl
/usr/cad/synopsys/synthesis/cur/auxx/gui/common/histogram/pkgIndex.tcl
/usr/cad/synopsys/synthesis/cur/auxx/gui/common/layout/pkgIndex.tcl
/usr/cad/synopsys/synthesis/cur/auxx/gui/common/libviewer/pkgIndex.tcl
/usr/cad/synopsys/synthesis/cur/auxx/gui/common/menus/pkgIndex.tcl
/usr/cad/synopsys/synthesis/cur/auxx/gui/common/misc/pkgIndex.tcl
/usr/cad/synopsys/synthesis/cur/auxx/gui/common/mrupalette/pkgIndex.tcl
/usr/cad/synopsys/synthesis/cur/auxx/gui/common/opdlg/pkgIndex.tcl
/usr/cad/synopsys/synthesis/cur/auxx/gui/common/palettegroup/pkgIndex.tcl
/usr/cad/synopsys/synthesis/cur/auxx/gui/common/pathinspector/pkgIndex.tcl
/usr/cad/synopsys/synthesis/cur/auxx/gui/common/profiler/pkgIndex.tcl
/usr/cad/synopsys/synthesis/cur/auxx/gui/common/qtcl/pkgIndex.tcl
/usr/cad/synopsys/synthesis/cur/auxx/gui/common/regressionToolkit/pkgIndex.tcl
/usr/cad/synopsys/synthesis/cur/auxx/gui/common/schematic/pkgIndex.tcl
/usr/cad/synopsys/synthesis/cur/auxx/gui/common/select/pkgIndex.tcl
/usr/cad/synopsys/synthesis/cur/auxx/gui/common/setup/pkgIndex.tcl
/usr/cad/synopsys/synthesis/cur/auxx/gui/common/strokes/pkgIndex.tcl
/usr/cad/synopsys/synthesis/cur/auxx/gui/common/table/pkgIndex.tcl
/usr/cad/synopsys/synthesis/cur/auxx/gui/common/tcl-dp/pkgIndex.tcl
/usr/cad/synopsys/synthesis/cur/auxx/gui/common/tiledview/pkgIndex.tcl
/usr/cad/synopsys/synthesis/cur/auxx/gui/common/timing/pkgIndex.tcl
/usr/cad/synopsys/synthesis/cur/auxx/gui/common/tq/pkgIndex.tcl
/usr/cad/synopsys/synthesis/cur/auxx/gui/common/view/pkgIndex.tcl
/usr/cad/synopsys/synthesis/cur/auxx/gui/dv/pkgIndex.tcl
/usr/cad/synopsys/synthesis/cur/auxx/syn/lib/pkgIndex.tcl
/usr/cad/synopsys/synthesis/cur/auxx/tcllib/lib/iwidgets4.1/pkgIndex.tcl
/usr/cad/synopsys/synthesis/cur/auxx/tcllib/snps_tcl/snpsTclPro/pkgIndex.tcl
/usr/cad/synopsys/synthesis/cur/auxx/tcllib/snps_tcl/snpsTest/pkgIndex.tcl
/usr/cad/synopsys/synthesis/cur/auxx/tcllib/snps_tcl/snpsUtils/pkgIndex.tcl
/usr/cad/synopsys/synthesis/cur/auxx/tcllib/snps_tcl/pkgIndex.tcl
/usr/cad/synopsys/synthesis/cur/auxx/tcllib/lib/tcl8.6/dde/pkgIndex.tcl
/usr/cad/synopsys/synthesis/cur/auxx/tcllib/lib/tcl8.6/http/pkgIndex.tcl
/usr/cad/synopsys/synthesis/cur/auxx/tcllib/lib/tcl8.6/http1.0/pkgIndex.tcl
/usr/cad/synopsys/synthesis/cur/auxx/tcllib/lib/tcl8.6/msgcat/pkgIndex.tcl
/usr/cad/synopsys/synthesis/cur/auxx/tcllib/lib/tcl8.6/opt/pkgIndex.tcl
/usr/cad/synopsys/synthesis/cur/auxx/tcllib/lib/tcl8.6/platform/pkgIndex.tcl
/usr/cad/synopsys/synthesis/cur/auxx/tcllib/lib/tcl8.6/reg/pkgIndex.tcl
/usr/cad/synopsys/synthesis/cur/auxx/tcllib/lib/tcl8.6/tcltest/pkgIndex.tcl
/usr/cad/synopsys/synthesis/cur/auxx/gui/common/setup/snpsCommonSetup.tcl
/usr/cad/synopsys/synthesis/cur/auxx/gui/common/setup/snpsCustomize.tcl
/usr/cad/synopsys/synthesis/cur/auxx/gui/common/setup/snpsProcheck.tcl
/usr/cad/synopsys/synthesis/cur/auxx/gui/common/qtcl/.synopsys_qtcl.tcl
/usr/cad/synopsys/synthesis/cur/auxx/gui/common/highlight/highlight.tcl
/usr/cad/synopsys/synthesis/cur/auxx/gui/common/misc/base.tcl
/usr/cad/synopsys/synthesis/cur/auxx/gui/common/misc/timing.tcl
/usr/cad/synopsys/synthesis/cur/auxx/gui/common/misc/setting.tcl
/usr/cad/synopsys/synthesis/cur/auxx/gui/common/misc/preset.tcl
/usr/cad/synopsys/synthesis/cur/auxx/gui/common/WindowFrameWork/windowFrameWork.tcl
/usr/cad/synopsys/synthesis/cur/auxx/gui/common/WindowFrameWork/skipBusyCursorCmdList.tcl
/usr/cad/synopsys/synthesis/cur/auxx/gui/common/docBrowser/docBrowser.tcl
/usr/cad/synopsys/synthesis/cur/auxx/tcllib/snps_tcl/snpsUtils/snpsUtils.tcl
/usr/cad/synopsys/synthesis/cur/auxx/gui/common/dialogs/ObjectChooser.tcl
/usr/cad/synopsys/synthesis/cur/auxx/gui/common/misc/DialogObjectChooser.tcl
/usr/cad/synopsys/synthesis/cur/auxx/gui/common/dialogs/HistBinInformation.tcl
/usr/cad/synopsys/synthesis/cur/auxx/gui/common/dialogs/HistBin1Information.tcl
/usr/cad/synopsys/synthesis/cur/auxx/gui/common/dialogs/BinsOnlyInformation.tcl
/usr/cad/synopsys/synthesis/cur/auxx/gui/common/dialogs/FileChooser.tcl
/usr/cad/synopsys/synthesis/cur/auxx/gui/common/dialogs/PathPinSimpleInfo.tcl
/usr/cad/synopsys/synthesis/cur/auxx/gui/common/dialogs/PathsBasicInfo.tcl
/usr/cad/synopsys/synthesis/cur/auxx/gui/common/dialogs/PathsBasicSimpleInfo.tcl
/usr/cad/synopsys/synthesis/cur/auxx/gui/common/dialogs/SlctOperationInfo.tcl
/usr/cad/synopsys/synthesis/cur/auxx/gui/common/dialogs/ObjectListInfo.tcl
/usr/cad/synopsys/synthesis/cur/auxx/gui/common/dialogs/FanInOutInfo.tcl
/usr/cad/synopsys/synthesis/cur/auxx/gui/common/dialogs/NumberOfLevelsChooser.tcl
/usr/cad/synopsys/synthesis/cur/auxx/gui/common/dialogs/WindowReuseInfo.tcl
/usr/cad/synopsys/synthesis/cur/auxx/gui/common/dialogs/ReportOutputOptionInfo.tcl
/usr/cad/synopsys/synthesis/cur/auxx/gui/common/setup/snpsCollections.tcl
/usr/cad/synopsys/synthesis/cur/auxx/gui/common/dialogs/CompileLinkDesign.tcl
/usr/cad/synopsys/synthesis/cur/auxx/gui/common/histogram/DialogEndpointSlack.tcl
/usr/cad/synopsys/synthesis/cur/auxx/gui/common/histogram/DialogPathsSlack.tcl
/usr/cad/synopsys/synthesis/cur/auxx/gui/common/histogram/DialogNetCapacitance.tcl
/usr/cad/synopsys/synthesis/cur/auxx/gui/common/schematic/DialogPathSchematicFanInOut.tcl
/usr/cad/synopsys/synthesis/cur/auxx/gui/common/schematic/DialogPathSchematicAddPaths.tcl
/users/student/mr108/hshuang19/multest/simulator.tcl
/theda21_2/yllab/CBDK40_TSMC/CBDK_TSMC40_Arm_f1.0/CIC/SynopsysDC/db/sc9_base_lvt/sc9_cln40g_base_lvt_tt_typical_max_0p90v_25c.db
/theda21_2/yllab/CBDK40_TSMC/CBDK_TSMC40_Arm_f1.0/CIC/SynopsysDC/db/sc9_base_lvt/sc9_cln40g_base_lvt_ss_typical_max_0p81v_m40c.db
/theda21_2/yllab/CBDK40_TSMC/CBDK_TSMC40_Arm_f1.0/CIC/SynopsysDC/db/sc9_base_lvt/sc9_cln40g_base_lvt_ff_typical_min_0p99v_m40c.db
/usr/cad/synopsys/synthesis/cur/libraries/syn/gtech.db
/usr/cad/synopsys/synthesis/cur/libraries/syn/standard.sldb
/users/student/mr108/hshuang19/multest/IPF.v
/users/student/mr108/hshuang19/multest/IPF.v
/usr/cad/synopsys/synthesis/cur/libraries/syn/dw_foundation.sldb
/users/student/mr108/hshuang19/multest/IPF.v
/users/student/mr108/hshuang19/synopsys_cache_Q-2019.12/DW01/DW_cmp/apparch/4/sc9_cln40g_base_lvt_tt_typical_max_0p90v_25c_6562/8167_1016/mapped.ddc
/users/student/mr108/hshuang19/synopsys_cache_Q-2019.12/DW01/DW01_sub/rpl/5/sc9_cln40g_base_lvt_tt_typical_max_0p90v_25c_6562/element.ddc
/users/student/mr108/hshuang19/synopsys_cache_Q-2019.12/DW01/DW01_add/rpl/5/sc9_cln40g_base_lvt_tt_typical_max_0p90v_25c_6562/element.ddc
/users/student/mr108/hshuang19/synopsys_cache_Q-2019.12/DW01/DW01_inc/rpl/32/sc9_cln40g_base_lvt_tt_typical_max_0p90v_25c_6562/element.ddc
/users/student/mr108/hshuang19/synopsys_cache_Q-2019.12/DW01/DW01_add/rpl/16/sc9_cln40g_base_lvt_tt_typical_max_0p90v_25c_6562/element.ddc
/users/student/mr108/hshuang19/synopsys_cache_Q-2019.12/DW01/DW01_add/rpl/12/sc9_cln40g_base_lvt_tt_typical_max_0p90v_25c_6562/element.ddc
/users/student/mr108/hshuang19/synopsys_cache_Q-2019.12/DW01/DW01_add/rpl/10/sc9_cln40g_base_lvt_tt_typical_max_0p90v_25c_6562/element.ddc
/users/student/mr108/hshuang19/synopsys_cache_Q-2019.12/DW01/DW01_add/rpl/16/sc9_cln40g_base_lvt_tt_typical_max_0p90v_25c_6562/element.ddc
/users/student/mr108/hshuang19/synopsys_cache_Q-2019.12/DW01/DW01_add/rpl/12/sc9_cln40g_base_lvt_tt_typical_max_0p90v_25c_6562/element.ddc
/users/student/mr108/hshuang19/synopsys_cache_Q-2019.12/DW01/DW01_add/rpl/10/sc9_cln40g_base_lvt_tt_typical_max_0p90v_25c_6562/element.ddc
/users/student/mr108/hshuang19/synopsys_cache_Q-2019.12/DW01/DW01_add/rpl/16/sc9_cln40g_base_lvt_tt_typical_max_0p90v_25c_6562/element.ddc
/users/student/mr108/hshuang19/synopsys_cache_Q-2019.12/DW01/DW01_add/rpl/12/sc9_cln40g_base_lvt_tt_typical_max_0p90v_25c_6562/element.ddc
/users/student/mr108/hshuang19/synopsys_cache_Q-2019.12/DW01/DW01_add/rpl/10/sc9_cln40g_base_lvt_tt_typical_max_0p90v_25c_6562/element.ddc
/users/student/mr108/hshuang19/synopsys_cache_Q-2019.12/DW01/DW01_add/rpl/16/sc9_cln40g_base_lvt_tt_typical_max_0p90v_25c_6562/element.ddc
/users/student/mr108/hshuang19/synopsys_cache_Q-2019.12/DW01/DW01_add/rpl/12/sc9_cln40g_base_lvt_tt_typical_max_0p90v_25c_6562/element.ddc
/users/student/mr108/hshuang19/synopsys_cache_Q-2019.12/DW01/DW01_add/rpl/10/sc9_cln40g_base_lvt_tt_typical_max_0p90v_25c_6562/element.ddc
/users/student/mr108/hshuang19/synopsys_cache_Q-2019.12/DW01/DW01_add/rpl/16/sc9_cln40g_base_lvt_tt_typical_max_0p90v_25c_6562/element.ddc
/users/student/mr108/hshuang19/synopsys_cache_Q-2019.12/DW01/DW01_add/rpl/12/sc9_cln40g_base_lvt_tt_typical_max_0p90v_25c_6562/element.ddc
/users/student/mr108/hshuang19/synopsys_cache_Q-2019.12/DW01/DW01_add/rpl/10/sc9_cln40g_base_lvt_tt_typical_max_0p90v_25c_6562/element.ddc
/users/student/mr108/hshuang19/synopsys_cache_Q-2019.12/DW01/DW01_add/rpl/16/sc9_cln40g_base_lvt_tt_typical_max_0p90v_25c_6562/element.ddc
/users/student/mr108/hshuang19/synopsys_cache_Q-2019.12/DW01/DW01_add/rpl/12/sc9_cln40g_base_lvt_tt_typical_max_0p90v_25c_6562/element.ddc
/users/student/mr108/hshuang19/synopsys_cache_Q-2019.12/DW01/DW01_add/rpl/10/sc9_cln40g_base_lvt_tt_typical_max_0p90v_25c_6562/element.ddc
/users/student/mr108/hshuang19/synopsys_cache_Q-2019.12/DW01/DW01_add/rpl/16/sc9_cln40g_base_lvt_tt_typical_max_0p90v_25c_6562/element.ddc
/users/student/mr108/hshuang19/synopsys_cache_Q-2019.12/DW01/DW01_add/rpl/12/sc9_cln40g_base_lvt_tt_typical_max_0p90v_25c_6562/element.ddc
/users/student/mr108/hshuang19/synopsys_cache_Q-2019.12/DW01/DW01_add/rpl/10/sc9_cln40g_base_lvt_tt_typical_max_0p90v_25c_6562/element.ddc
/users/student/mr108/hshuang19/synopsys_cache_Q-2019.12/DW01/DW01_add/rpl/16/sc9_cln40g_base_lvt_tt_typical_max_0p90v_25c_6562/element.ddc
/users/student/mr108/hshuang19/synopsys_cache_Q-2019.12/DW01/DW01_add/rpl/12/sc9_cln40g_base_lvt_tt_typical_max_0p90v_25c_6562/element.ddc
/users/student/mr108/hshuang19/synopsys_cache_Q-2019.12/DW01/DW01_add/rpl/10/sc9_cln40g_base_lvt_tt_typical_max_0p90v_25c_6562/element.ddc
/users/student/mr108/hshuang19/synopsys_cache_Q-2019.12/DW01/DW01_add/rpl/16/sc9_cln40g_base_lvt_tt_typical_max_0p90v_25c_6562/element.ddc
/users/student/mr108/hshuang19/synopsys_cache_Q-2019.12/DW01/DW01_add/rpl/12/sc9_cln40g_base_lvt_tt_typical_max_0p90v_25c_6562/element.ddc
/users/student/mr108/hshuang19/synopsys_cache_Q-2019.12/DW01/DW01_add/rpl/10/sc9_cln40g_base_lvt_tt_typical_max_0p90v_25c_6562/element.ddc
/users/student/mr108/hshuang19/synopsys_cache_Q-2019.12/DW01/DW01_add/rpl/16/sc9_cln40g_base_lvt_tt_typical_max_0p90v_25c_6562/element.ddc
/users/student/mr108/hshuang19/synopsys_cache_Q-2019.12/DW01/DW01_add/rpl/12/sc9_cln40g_base_lvt_tt_typical_max_0p90v_25c_6562/element.ddc
/users/student/mr108/hshuang19/synopsys_cache_Q-2019.12/DW01/DW01_add/rpl/10/sc9_cln40g_base_lvt_tt_typical_max_0p90v_25c_6562/element.ddc
/users/student/mr108/hshuang19/synopsys_cache_Q-2019.12/DW01/DW01_add/rpl/16/sc9_cln40g_base_lvt_tt_typical_max_0p90v_25c_6562/element.ddc
/users/student/mr108/hshuang19/synopsys_cache_Q-2019.12/DW01/DW01_add/rpl/12/sc9_cln40g_base_lvt_tt_typical_max_0p90v_25c_6562/element.ddc
/users/student/mr108/hshuang19/synopsys_cache_Q-2019.12/DW01/DW01_add/rpl/10/sc9_cln40g_base_lvt_tt_typical_max_0p90v_25c_6562/element.ddc
/users/student/mr108/hshuang19/synopsys_cache_Q-2019.12/DW01/DW01_add/rpl/16/sc9_cln40g_base_lvt_tt_typical_max_0p90v_25c_6562/element.ddc
/users/student/mr108/hshuang19/synopsys_cache_Q-2019.12/DW01/DW01_add/rpl/12/sc9_cln40g_base_lvt_tt_typical_max_0p90v_25c_6562/element.ddc
/users/student/mr108/hshuang19/synopsys_cache_Q-2019.12/DW01/DW01_add/rpl/10/sc9_cln40g_base_lvt_tt_typical_max_0p90v_25c_6562/element.ddc
/users/student/mr108/hshuang19/synopsys_cache_Q-2019.12/DW01/DW01_add/rpl/16/sc9_cln40g_base_lvt_tt_typical_max_0p90v_25c_6562/element.ddc
/users/student/mr108/hshuang19/synopsys_cache_Q-2019.12/DW01/DW01_add/rpl/12/sc9_cln40g_base_lvt_tt_typical_max_0p90v_25c_6562/element.ddc
/users/student/mr108/hshuang19/synopsys_cache_Q-2019.12/DW01/DW01_add/rpl/10/sc9_cln40g_base_lvt_tt_typical_max_0p90v_25c_6562/element.ddc
/users/student/mr108/hshuang19/synopsys_cache_Q-2019.12/DW01/DW01_add/rpl/16/sc9_cln40g_base_lvt_tt_typical_max_0p90v_25c_6562/element.ddc
/users/student/mr108/hshuang19/synopsys_cache_Q-2019.12/DW01/DW01_add/rpl/12/sc9_cln40g_base_lvt_tt_typical_max_0p90v_25c_6562/element.ddc
/users/student/mr108/hshuang19/synopsys_cache_Q-2019.12/DW01/DW01_add/rpl/10/sc9_cln40g_base_lvt_tt_typical_max_0p90v_25c_6562/element.ddc
/users/student/mr108/hshuang19/synopsys_cache_Q-2019.12/DW01/DW01_add/rpl/16/sc9_cln40g_base_lvt_tt_typical_max_0p90v_25c_6562/element.ddc
/users/student/mr108/hshuang19/synopsys_cache_Q-2019.12/DW01/DW01_add/rpl/12/sc9_cln40g_base_lvt_tt_typical_max_0p90v_25c_6562/element.ddc
/users/student/mr108/hshuang19/synopsys_cache_Q-2019.12/DW01/DW01_add/rpl/10/sc9_cln40g_base_lvt_tt_typical_max_0p90v_25c_6562/element.ddc
/users/student/mr108/hshuang19/synopsys_cache_Q-2019.12/DW01/DW01_add/rpl/16/sc9_cln40g_base_lvt_tt_typical_max_0p90v_25c_6562/element.ddc
/users/student/mr108/hshuang19/synopsys_cache_Q-2019.12/DW01/DW01_add/rpl/12/sc9_cln40g_base_lvt_tt_typical_max_0p90v_25c_6562/element.ddc
/users/student/mr108/hshuang19/synopsys_cache_Q-2019.12/DW01/DW01_add/rpl/10/sc9_cln40g_base_lvt_tt_typical_max_0p90v_25c_6562/element.ddc
/users/student/mr108/hshuang19/synopsys_cache_Q-2019.12/DW01/DW01_add/rpl/16/sc9_cln40g_base_lvt_tt_typical_max_0p90v_25c_6562/element.ddc
/users/student/mr108/hshuang19/synopsys_cache_Q-2019.12/DW01/DW01_add/rpl/12/sc9_cln40g_base_lvt_tt_typical_max_0p90v_25c_6562/element.ddc
/users/student/mr108/hshuang19/synopsys_cache_Q-2019.12/DW01/DW01_add/rpl/10/sc9_cln40g_base_lvt_tt_typical_max_0p90v_25c_6562/element.ddc
/users/student/mr108/hshuang19/synopsys_cache_Q-2019.12/DW01/DW01_add/rpl/16/sc9_cln40g_base_lvt_tt_typical_max_0p90v_25c_6562/element.ddc
/users/student/mr108/hshuang19/synopsys_cache_Q-2019.12/DW01/DW01_add/rpl/12/sc9_cln40g_base_lvt_tt_typical_max_0p90v_25c_6562/element.ddc
/users/student/mr108/hshuang19/synopsys_cache_Q-2019.12/DW01/DW01_add/rpl/10/sc9_cln40g_base_lvt_tt_typical_max_0p90v_25c_6562/element.ddc
/users/student/mr108/hshuang19/synopsys_cache_Q-2019.12/DW01/DW01_add/rpl/16/sc9_cln40g_base_lvt_tt_typical_max_0p90v_25c_6562/element.ddc
/users/student/mr108/hshuang19/synopsys_cache_Q-2019.12/DW01/DW01_add/rpl/12/sc9_cln40g_base_lvt_tt_typical_max_0p90v_25c_6562/element.ddc
/users/student/mr108/hshuang19/synopsys_cache_Q-2019.12/DW01/DW01_add/rpl/10/sc9_cln40g_base_lvt_tt_typical_max_0p90v_25c_6562/element.ddc
/users/student/mr108/hshuang19/synopsys_cache_Q-2019.12/DW01/DW01_add/rpl/16/sc9_cln40g_base_lvt_tt_typical_max_0p90v_25c_6562/element.ddc
/users/student/mr108/hshuang19/synopsys_cache_Q-2019.12/DW01/DW01_add/rpl/12/sc9_cln40g_base_lvt_tt_typical_max_0p90v_25c_6562/element.ddc
/users/student/mr108/hshuang19/synopsys_cache_Q-2019.12/DW01/DW01_add/rpl/10/sc9_cln40g_base_lvt_tt_typical_max_0p90v_25c_6562/element.ddc
/users/student/mr108/hshuang19/synopsys_cache_Q-2019.12/DW01/DW01_add/rpl/16/sc9_cln40g_base_lvt_tt_typical_max_0p90v_25c_6562/element.ddc
/users/student/mr108/hshuang19/synopsys_cache_Q-2019.12/DW01/DW01_add/rpl/12/sc9_cln40g_base_lvt_tt_typical_max_0p90v_25c_6562/element.ddc
/users/student/mr108/hshuang19/synopsys_cache_Q-2019.12/DW01/DW01_add/rpl/10/sc9_cln40g_base_lvt_tt_typical_max_0p90v_25c_6562/element.ddc
/users/student/mr108/hshuang19/synopsys_cache_Q-2019.12/DW01/DW01_add/rpl/16/sc9_cln40g_base_lvt_tt_typical_max_0p90v_25c_6562/element.ddc
/users/student/mr108/hshuang19/synopsys_cache_Q-2019.12/DW01/DW01_add/rpl/12/sc9_cln40g_base_lvt_tt_typical_max_0p90v_25c_6562/element.ddc
/users/student/mr108/hshuang19/synopsys_cache_Q-2019.12/DW01/DW01_add/rpl/10/sc9_cln40g_base_lvt_tt_typical_max_0p90v_25c_6562/element.ddc
/users/student/mr108/hshuang19/synopsys_cache_Q-2019.12/DW01/DW01_add/rpl/16/sc9_cln40g_base_lvt_tt_typical_max_0p90v_25c_6562/element.ddc
/users/student/mr108/hshuang19/synopsys_cache_Q-2019.12/DW01/DW01_add/rpl/12/sc9_cln40g_base_lvt_tt_typical_max_0p90v_25c_6562/element.ddc
/users/student/mr108/hshuang19/synopsys_cache_Q-2019.12/DW01/DW01_add/rpl/10/sc9_cln40g_base_lvt_tt_typical_max_0p90v_25c_6562/element.ddc
/users/student/mr108/hshuang19/synopsys_cache_Q-2019.12/DW01/DW01_add/rpl/16/sc9_cln40g_base_lvt_tt_typical_max_0p90v_25c_6562/element.ddc
/users/student/mr108/hshuang19/synopsys_cache_Q-2019.12/DW01/DW01_add/rpl/12/sc9_cln40g_base_lvt_tt_typical_max_0p90v_25c_6562/element.ddc
/users/student/mr108/hshuang19/synopsys_cache_Q-2019.12/DW01/DW01_add/rpl/10/sc9_cln40g_base_lvt_tt_typical_max_0p90v_25c_6562/element.ddc
/users/student/mr108/hshuang19/synopsys_cache_Q-2019.12/DW01/DW01_add/rpl/16/sc9_cln40g_base_lvt_tt_typical_max_0p90v_25c_6562/element.ddc
/users/student/mr108/hshuang19/synopsys_cache_Q-2019.12/DW01/DW01_add/rpl/12/sc9_cln40g_base_lvt_tt_typical_max_0p90v_25c_6562/element.ddc
/users/student/mr108/hshuang19/synopsys_cache_Q-2019.12/DW01/DW01_add/rpl/10/sc9_cln40g_base_lvt_tt_typical_max_0p90v_25c_6562/element.ddc
/users/student/mr108/hshuang19/synopsys_cache_Q-2019.12/DW01/DW01_add/rpl/16/sc9_cln40g_base_lvt_tt_typical_max_0p90v_25c_6562/element.ddc
/users/student/mr108/hshuang19/synopsys_cache_Q-2019.12/DW01/DW01_add/rpl/12/sc9_cln40g_base_lvt_tt_typical_max_0p90v_25c_6562/element.ddc
/users/student/mr108/hshuang19/synopsys_cache_Q-2019.12/DW01/DW01_add/rpl/10/sc9_cln40g_base_lvt_tt_typical_max_0p90v_25c_6562/element.ddc
/users/student/mr108/hshuang19/synopsys_cache_Q-2019.12/DW01/DW01_add/rpl/16/sc9_cln40g_base_lvt_tt_typical_max_0p90v_25c_6562/element.ddc
/users/student/mr108/hshuang19/synopsys_cache_Q-2019.12/DW01/DW01_add/rpl/12/sc9_cln40g_base_lvt_tt_typical_max_0p90v_25c_6562/element.ddc
/users/student/mr108/hshuang19/synopsys_cache_Q-2019.12/DW01/DW01_add/rpl/10/sc9_cln40g_base_lvt_tt_typical_max_0p90v_25c_6562/element.ddc
/users/student/mr108/hshuang19/synopsys_cache_Q-2019.12/DW01/DW01_add/rpl/16/sc9_cln40g_base_lvt_tt_typical_max_0p90v_25c_6562/element.ddc
/users/student/mr108/hshuang19/synopsys_cache_Q-2019.12/DW01/DW01_add/rpl/12/sc9_cln40g_base_lvt_tt_typical_max_0p90v_25c_6562/element.ddc
/users/student/mr108/hshuang19/synopsys_cache_Q-2019.12/DW01/DW01_add/rpl/10/sc9_cln40g_base_lvt_tt_typical_max_0p90v_25c_6562/element.ddc
/users/student/mr108/hshuang19/synopsys_cache_Q-2019.12/DW01/DW01_add/rpl/16/sc9_cln40g_base_lvt_tt_typical_max_0p90v_25c_6562/element.ddc
/users/student/mr108/hshuang19/synopsys_cache_Q-2019.12/DW01/DW01_add/rpl/12/sc9_cln40g_base_lvt_tt_typical_max_0p90v_25c_6562/element.ddc
/users/student/mr108/hshuang19/synopsys_cache_Q-2019.12/DW01/DW01_add/rpl/10/sc9_cln40g_base_lvt_tt_typical_max_0p90v_25c_6562/element.ddc
/users/student/mr108/hshuang19/synopsys_cache_Q-2019.12/DW01/DW01_add/rpl/16/sc9_cln40g_base_lvt_tt_typical_max_0p90v_25c_6562/element.ddc
/users/student/mr108/hshuang19/synopsys_cache_Q-2019.12/DW01/DW01_add/rpl/12/sc9_cln40g_base_lvt_tt_typical_max_0p90v_25c_6562/element.ddc
/users/student/mr108/hshuang19/synopsys_cache_Q-2019.12/DW01/DW01_add/rpl/10/sc9_cln40g_base_lvt_tt_typical_max_0p90v_25c_6562/element.ddc
/users/student/mr108/hshuang19/synopsys_cache_Q-2019.12/DW01/DW01_add/rpl/16/sc9_cln40g_base_lvt_tt_typical_max_0p90v_25c_6562/element.ddc
/users/student/mr108/hshuang19/synopsys_cache_Q-2019.12/DW01/DW01_add/rpl/12/sc9_cln40g_base_lvt_tt_typical_max_0p90v_25c_6562/element.ddc
/users/student/mr108/hshuang19/synopsys_cache_Q-2019.12/DW01/DW01_add/rpl/10/sc9_cln40g_base_lvt_tt_typical_max_0p90v_25c_6562/element.ddc
/users/student/mr108/hshuang19/synopsys_cache_Q-2019.12/DW01/DW01_add/rpl/16/sc9_cln40g_base_lvt_tt_typical_max_0p90v_25c_6562/element.ddc
/users/student/mr108/hshuang19/synopsys_cache_Q-2019.12/DW01/DW01_add/rpl/12/sc9_cln40g_base_lvt_tt_typical_max_0p90v_25c_6562/element.ddc
/users/student/mr108/hshuang19/synopsys_cache_Q-2019.12/DW01/DW01_add/rpl/10/sc9_cln40g_base_lvt_tt_typical_max_0p90v_25c_6562/element.ddc
/users/student/mr108/hshuang19/synopsys_cache_Q-2019.12/DW01/DW01_add/rpl/16/sc9_cln40g_base_lvt_tt_typical_max_0p90v_25c_6562/element.ddc
/users/student/mr108/hshuang19/synopsys_cache_Q-2019.12/DW01/DW01_add/rpl/12/sc9_cln40g_base_lvt_tt_typical_max_0p90v_25c_6562/element.ddc
/users/student/mr108/hshuang19/synopsys_cache_Q-2019.12/DW01/DW01_add/rpl/10/sc9_cln40g_base_lvt_tt_typical_max_0p90v_25c_6562/element.ddc
/users/student/mr108/hshuang19/synopsys_cache_Q-2019.12/DW01/DW01_add/rpl/16/sc9_cln40g_base_lvt_tt_typical_max_0p90v_25c_6562/element.ddc
/users/student/mr108/hshuang19/synopsys_cache_Q-2019.12/DW01/DW01_add/rpl/12/sc9_cln40g_base_lvt_tt_typical_max_0p90v_25c_6562/element.ddc
/users/student/mr108/hshuang19/synopsys_cache_Q-2019.12/DW01/DW01_add/rpl/10/sc9_cln40g_base_lvt_tt_typical_max_0p90v_25c_6562/element.ddc
/users/student/mr108/hshuang19/synopsys_cache_Q-2019.12/DW01/DW01_add/rpl/16/sc9_cln40g_base_lvt_tt_typical_max_0p90v_25c_6562/element.ddc
/users/student/mr108/hshuang19/synopsys_cache_Q-2019.12/DW01/DW01_add/rpl/12/sc9_cln40g_base_lvt_tt_typical_max_0p90v_25c_6562/element.ddc
/users/student/mr108/hshuang19/synopsys_cache_Q-2019.12/DW01/DW01_add/rpl/10/sc9_cln40g_base_lvt_tt_typical_max_0p90v_25c_6562/element.ddc
/users/student/mr108/hshuang19/synopsys_cache_Q-2019.12/DW01/DW01_add/rpl/16/sc9_cln40g_base_lvt_tt_typical_max_0p90v_25c_6562/element.ddc
/users/student/mr108/hshuang19/synopsys_cache_Q-2019.12/DW01/DW01_add/rpl/12/sc9_cln40g_base_lvt_tt_typical_max_0p90v_25c_6562/element.ddc
/users/student/mr108/hshuang19/synopsys_cache_Q-2019.12/DW01/DW01_add/rpl/10/sc9_cln40g_base_lvt_tt_typical_max_0p90v_25c_6562/element.ddc
/users/student/mr108/hshuang19/synopsys_cache_Q-2019.12/DW01/DW01_add/rpl/16/sc9_cln40g_base_lvt_tt_typical_max_0p90v_25c_6562/element.ddc
/users/student/mr108/hshuang19/synopsys_cache_Q-2019.12/DW01/DW01_add/rpl/12/sc9_cln40g_base_lvt_tt_typical_max_0p90v_25c_6562/element.ddc
/users/student/mr108/hshuang19/synopsys_cache_Q-2019.12/DW01/DW01_add/rpl/10/sc9_cln40g_base_lvt_tt_typical_max_0p90v_25c_6562/element.ddc
/users/student/mr108/hshuang19/synopsys_cache_Q-2019.12/DW01/DW01_add/rpl/16/sc9_cln40g_base_lvt_tt_typical_max_0p90v_25c_6562/element.ddc
/users/student/mr108/hshuang19/synopsys_cache_Q-2019.12/DW01/DW01_add/rpl/12/sc9_cln40g_base_lvt_tt_typical_max_0p90v_25c_6562/element.ddc
/users/student/mr108/hshuang19/synopsys_cache_Q-2019.12/DW01/DW01_add/rpl/10/sc9_cln40g_base_lvt_tt_typical_max_0p90v_25c_6562/element.ddc
/users/student/mr108/hshuang19/synopsys_cache_Q-2019.12/DW01/DW01_add/rpl/16/sc9_cln40g_base_lvt_tt_typical_max_0p90v_25c_6562/element.ddc
/users/student/mr108/hshuang19/synopsys_cache_Q-2019.12/DW01/DW01_add/rpl/12/sc9_cln40g_base_lvt_tt_typical_max_0p90v_25c_6562/element.ddc
/users/student/mr108/hshuang19/synopsys_cache_Q-2019.12/DW01/DW01_add/rpl/10/sc9_cln40g_base_lvt_tt_typical_max_0p90v_25c_6562/element.ddc
/users/student/mr108/hshuang19/synopsys_cache_Q-2019.12/DW01/DW01_add/rpl/16/sc9_cln40g_base_lvt_tt_typical_max_0p90v_25c_6562/element.ddc
/users/student/mr108/hshuang19/synopsys_cache_Q-2019.12/DW01/DW01_add/rpl/12/sc9_cln40g_base_lvt_tt_typical_max_0p90v_25c_6562/element.ddc
/users/student/mr108/hshuang19/synopsys_cache_Q-2019.12/DW01/DW01_add/rpl/10/sc9_cln40g_base_lvt_tt_typical_max_0p90v_25c_6562/element.ddc
/users/student/mr108/hshuang19/synopsys_cache_Q-2019.12/DW01/DW01_add/rpl/16/sc9_cln40g_base_lvt_tt_typical_max_0p90v_25c_6562/element.ddc
/users/student/mr108/hshuang19/synopsys_cache_Q-2019.12/DW01/DW01_add/rpl/12/sc9_cln40g_base_lvt_tt_typical_max_0p90v_25c_6562/element.ddc
/users/student/mr108/hshuang19/synopsys_cache_Q-2019.12/DW01/DW01_add/rpl/10/sc9_cln40g_base_lvt_tt_typical_max_0p90v_25c_6562/element.ddc
/users/student/mr108/hshuang19/synopsys_cache_Q-2019.12/DW01/DW01_add/rpl/16/sc9_cln40g_base_lvt_tt_typical_max_0p90v_25c_6562/element.ddc
/users/student/mr108/hshuang19/synopsys_cache_Q-2019.12/DW01/DW01_add/rpl/12/sc9_cln40g_base_lvt_tt_typical_max_0p90v_25c_6562/element.ddc
/users/student/mr108/hshuang19/synopsys_cache_Q-2019.12/DW01/DW01_add/rpl/10/sc9_cln40g_base_lvt_tt_typical_max_0p90v_25c_6562/element.ddc
/users/student/mr108/hshuang19/synopsys_cache_Q-2019.12/DW01/DW01_add/rpl/16/sc9_cln40g_base_lvt_tt_typical_max_0p90v_25c_6562/element.ddc
/users/student/mr108/hshuang19/synopsys_cache_Q-2019.12/DW01/DW01_add/rpl/12/sc9_cln40g_base_lvt_tt_typical_max_0p90v_25c_6562/element.ddc
/users/student/mr108/hshuang19/synopsys_cache_Q-2019.12/DW01/DW01_add/rpl/10/sc9_cln40g_base_lvt_tt_typical_max_0p90v_25c_6562/element.ddc
/users/student/mr108/hshuang19/synopsys_cache_Q-2019.12/DW01/DW01_add/rpl/16/sc9_cln40g_base_lvt_tt_typical_max_0p90v_25c_6562/element.ddc
/users/student/mr108/hshuang19/synopsys_cache_Q-2019.12/DW01/DW01_add/rpl/12/sc9_cln40g_base_lvt_tt_typical_max_0p90v_25c_6562/element.ddc
/users/student/mr108/hshuang19/synopsys_cache_Q-2019.12/DW01/DW01_add/rpl/10/sc9_cln40g_base_lvt_tt_typical_max_0p90v_25c_6562/element.ddc
/users/student/mr108/hshuang19/synopsys_cache_Q-2019.12/DW01/DW01_add/rpl/16/sc9_cln40g_base_lvt_tt_typical_max_0p90v_25c_6562/element.ddc
/users/student/mr108/hshuang19/synopsys_cache_Q-2019.12/DW01/DW01_add/rpl/12/sc9_cln40g_base_lvt_tt_typical_max_0p90v_25c_6562/element.ddc
/users/student/mr108/hshuang19/synopsys_cache_Q-2019.12/DW01/DW01_add/rpl/10/sc9_cln40g_base_lvt_tt_typical_max_0p90v_25c_6562/element.ddc
/users/student/mr108/hshuang19/synopsys_cache_Q-2019.12/DW01/DW01_add/rpl/16/sc9_cln40g_base_lvt_tt_typical_max_0p90v_25c_6562/element.ddc
/users/student/mr108/hshuang19/synopsys_cache_Q-2019.12/DW01/DW01_add/rpl/12/sc9_cln40g_base_lvt_tt_typical_max_0p90v_25c_6562/element.ddc
/users/student/mr108/hshuang19/synopsys_cache_Q-2019.12/DW01/DW01_add/rpl/10/sc9_cln40g_base_lvt_tt_typical_max_0p90v_25c_6562/element.ddc
/users/student/mr108/hshuang19/synopsys_cache_Q-2019.12/DW01/DW01_add/rpl/16/sc9_cln40g_base_lvt_tt_typical_max_0p90v_25c_6562/element.ddc
/users/student/mr108/hshuang19/synopsys_cache_Q-2019.12/DW01/DW01_add/rpl/12/sc9_cln40g_base_lvt_tt_typical_max_0p90v_25c_6562/element.ddc
/users/student/mr108/hshuang19/synopsys_cache_Q-2019.12/DW01/DW01_add/rpl/10/sc9_cln40g_base_lvt_tt_typical_max_0p90v_25c_6562/element.ddc
/users/student/mr108/hshuang19/synopsys_cache_Q-2019.12/DW01/DW01_add/rpl/16/sc9_cln40g_base_lvt_tt_typical_max_0p90v_25c_6562/element.ddc
/users/student/mr108/hshuang19/synopsys_cache_Q-2019.12/DW01/DW01_add/rpl/12/sc9_cln40g_base_lvt_tt_typical_max_0p90v_25c_6562/element.ddc
/users/student/mr108/hshuang19/synopsys_cache_Q-2019.12/DW01/DW01_add/rpl/10/sc9_cln40g_base_lvt_tt_typical_max_0p90v_25c_6562/element.ddc
/users/student/mr108/hshuang19/synopsys_cache_Q-2019.12/DW01/DW01_add/rpl/16/sc9_cln40g_base_lvt_tt_typical_max_0p90v_25c_6562/element.ddc
/users/student/mr108/hshuang19/synopsys_cache_Q-2019.12/DW01/DW01_add/rpl/12/sc9_cln40g_base_lvt_tt_typical_max_0p90v_25c_6562/element.ddc
/users/student/mr108/hshuang19/synopsys_cache_Q-2019.12/DW01/DW01_add/rpl/10/sc9_cln40g_base_lvt_tt_typical_max_0p90v_25c_6562/element.ddc
/users/student/mr108/hshuang19/synopsys_cache_Q-2019.12/DW01/DW01_add/rpl/16/sc9_cln40g_base_lvt_tt_typical_max_0p90v_25c_6562/element.ddc
/users/student/mr108/hshuang19/synopsys_cache_Q-2019.12/DW01/DW01_add/rpl/12/sc9_cln40g_base_lvt_tt_typical_max_0p90v_25c_6562/element.ddc
/users/student/mr108/hshuang19/synopsys_cache_Q-2019.12/DW01/DW01_add/rpl/10/sc9_cln40g_base_lvt_tt_typical_max_0p90v_25c_6562/element.ddc
/users/student/mr108/hshuang19/synopsys_cache_Q-2019.12/DW01/DW01_add/rpl/16/sc9_cln40g_base_lvt_tt_typical_max_0p90v_25c_6562/element.ddc
/users/student/mr108/hshuang19/synopsys_cache_Q-2019.12/DW01/DW01_add/rpl/12/sc9_cln40g_base_lvt_tt_typical_max_0p90v_25c_6562/element.ddc
/users/student/mr108/hshuang19/synopsys_cache_Q-2019.12/DW01/DW01_add/rpl/10/sc9_cln40g_base_lvt_tt_typical_max_0p90v_25c_6562/element.ddc
/users/student/mr108/hshuang19/synopsys_cache_Q-2019.12/DW01/DW01_add/rpl/16/sc9_cln40g_base_lvt_tt_typical_max_0p90v_25c_6562/element.ddc
/users/student/mr108/hshuang19/synopsys_cache_Q-2019.12/DW01/DW01_add/rpl/12/sc9_cln40g_base_lvt_tt_typical_max_0p90v_25c_6562/element.ddc
/users/student/mr108/hshuang19/synopsys_cache_Q-2019.12/DW01/DW01_add/rpl/10/sc9_cln40g_base_lvt_tt_typical_max_0p90v_25c_6562/element.ddc
/users/student/mr108/hshuang19/synopsys_cache_Q-2019.12/DW01/DW01_add/rpl/16/sc9_cln40g_base_lvt_tt_typical_max_0p90v_25c_6562/element.ddc
/users/student/mr108/hshuang19/synopsys_cache_Q-2019.12/DW01/DW01_add/rpl/12/sc9_cln40g_base_lvt_tt_typical_max_0p90v_25c_6562/element.ddc
/users/student/mr108/hshuang19/synopsys_cache_Q-2019.12/DW01/DW01_add/rpl/10/sc9_cln40g_base_lvt_tt_typical_max_0p90v_25c_6562/element.ddc
/users/student/mr108/hshuang19/synopsys_cache_Q-2019.12/DW01/DW01_add/rpl/16/sc9_cln40g_base_lvt_tt_typical_max_0p90v_25c_6562/element.ddc
/users/student/mr108/hshuang19/synopsys_cache_Q-2019.12/DW01/DW01_add/rpl/12/sc9_cln40g_base_lvt_tt_typical_max_0p90v_25c_6562/element.ddc
/users/student/mr108/hshuang19/synopsys_cache_Q-2019.12/DW01/DW01_add/rpl/10/sc9_cln40g_base_lvt_tt_typical_max_0p90v_25c_6562/element.ddc
/users/student/mr108/hshuang19/synopsys_cache_Q-2019.12/DW01/DW01_add/rpl/16/sc9_cln40g_base_lvt_tt_typical_max_0p90v_25c_6562/element.ddc
/users/student/mr108/hshuang19/synopsys_cache_Q-2019.12/DW01/DW01_add/rpl/12/sc9_cln40g_base_lvt_tt_typical_max_0p90v_25c_6562/element.ddc
/users/student/mr108/hshuang19/synopsys_cache_Q-2019.12/DW01/DW01_add/rpl/10/sc9_cln40g_base_lvt_tt_typical_max_0p90v_25c_6562/element.ddc
/users/student/mr108/hshuang19/synopsys_cache_Q-2019.12/DW01/DW01_add/rpl/16/sc9_cln40g_base_lvt_tt_typical_max_0p90v_25c_6562/element.ddc
/users/student/mr108/hshuang19/synopsys_cache_Q-2019.12/DW01/DW01_add/rpl/12/sc9_cln40g_base_lvt_tt_typical_max_0p90v_25c_6562/element.ddc
/users/student/mr108/hshuang19/synopsys_cache_Q-2019.12/DW01/DW01_add/rpl/10/sc9_cln40g_base_lvt_tt_typical_max_0p90v_25c_6562/element.ddc
/users/student/mr108/hshuang19/synopsys_cache_Q-2019.12/DW01/DW01_add/rpl/16/sc9_cln40g_base_lvt_tt_typical_max_0p90v_25c_6562/element.ddc
/users/student/mr108/hshuang19/synopsys_cache_Q-2019.12/DW01/DW01_add/rpl/12/sc9_cln40g_base_lvt_tt_typical_max_0p90v_25c_6562/element.ddc
/users/student/mr108/hshuang19/synopsys_cache_Q-2019.12/DW01/DW01_add/rpl/10/sc9_cln40g_base_lvt_tt_typical_max_0p90v_25c_6562/element.ddc
/users/student/mr108/hshuang19/synopsys_cache_Q-2019.12/DW01/DW01_add/rpl/16/sc9_cln40g_base_lvt_tt_typical_max_0p90v_25c_6562/element.ddc
/users/student/mr108/hshuang19/synopsys_cache_Q-2019.12/DW01/DW01_add/rpl/12/sc9_cln40g_base_lvt_tt_typical_max_0p90v_25c_6562/element.ddc
/users/student/mr108/hshuang19/synopsys_cache_Q-2019.12/DW01/DW01_add/rpl/10/sc9_cln40g_base_lvt_tt_typical_max_0p90v_25c_6562/element.ddc
/users/student/mr108/hshuang19/synopsys_cache_Q-2019.12/DW01/DW01_add/rpl/16/sc9_cln40g_base_lvt_tt_typical_max_0p90v_25c_6562/element.ddc
/users/student/mr108/hshuang19/synopsys_cache_Q-2019.12/DW01/DW01_add/rpl/12/sc9_cln40g_base_lvt_tt_typical_max_0p90v_25c_6562/element.ddc
/users/student/mr108/hshuang19/synopsys_cache_Q-2019.12/DW01/DW01_add/rpl/10/sc9_cln40g_base_lvt_tt_typical_max_0p90v_25c_6562/element.ddc
/users/student/mr108/hshuang19/synopsys_cache_Q-2019.12/DW01/DW01_add/rpl/16/sc9_cln40g_base_lvt_tt_typical_max_0p90v_25c_6562/element.ddc
/users/student/mr108/hshuang19/synopsys_cache_Q-2019.12/DW01/DW01_add/rpl/12/sc9_cln40g_base_lvt_tt_typical_max_0p90v_25c_6562/element.ddc
/users/student/mr108/hshuang19/synopsys_cache_Q-2019.12/DW01/DW01_add/rpl/10/sc9_cln40g_base_lvt_tt_typical_max_0p90v_25c_6562/element.ddc
/users/student/mr108/hshuang19/synopsys_cache_Q-2019.12/DW01/DW01_add/rpl/16/sc9_cln40g_base_lvt_tt_typical_max_0p90v_25c_6562/element.ddc
/users/student/mr108/hshuang19/synopsys_cache_Q-2019.12/DW01/DW01_add/rpl/12/sc9_cln40g_base_lvt_tt_typical_max_0p90v_25c_6562/element.ddc
/users/student/mr108/hshuang19/synopsys_cache_Q-2019.12/DW01/DW01_add/rpl/10/sc9_cln40g_base_lvt_tt_typical_max_0p90v_25c_6562/element.ddc
/users/student/mr108/hshuang19/synopsys_cache_Q-2019.12/DW01/DW01_add/rpl/16/sc9_cln40g_base_lvt_tt_typical_max_0p90v_25c_6562/element.ddc
/users/student/mr108/hshuang19/synopsys_cache_Q-2019.12/DW01/DW01_add/rpl/12/sc9_cln40g_base_lvt_tt_typical_max_0p90v_25c_6562/element.ddc
/users/student/mr108/hshuang19/synopsys_cache_Q-2019.12/DW01/DW01_add/rpl/10/sc9_cln40g_base_lvt_tt_typical_max_0p90v_25c_6562/element.ddc
/users/student/mr108/hshuang19/synopsys_cache_Q-2019.12/DW01/DW01_add/rpl/16/sc9_cln40g_base_lvt_tt_typical_max_0p90v_25c_6562/element.ddc
/users/student/mr108/hshuang19/synopsys_cache_Q-2019.12/DW01/DW01_add/rpl/12/sc9_cln40g_base_lvt_tt_typical_max_0p90v_25c_6562/element.ddc
/users/student/mr108/hshuang19/synopsys_cache_Q-2019.12/DW01/DW01_add/rpl/10/sc9_cln40g_base_lvt_tt_typical_max_0p90v_25c_6562/element.ddc
/users/student/mr108/hshuang19/synopsys_cache_Q-2019.12/DW01/DW01_add/rpl/16/sc9_cln40g_base_lvt_tt_typical_max_0p90v_25c_6562/element.ddc
/users/student/mr108/hshuang19/synopsys_cache_Q-2019.12/DW01/DW01_add/rpl/12/sc9_cln40g_base_lvt_tt_typical_max_0p90v_25c_6562/element.ddc
/users/student/mr108/hshuang19/synopsys_cache_Q-2019.12/DW01/DW01_add/rpl/10/sc9_cln40g_base_lvt_tt_typical_max_0p90v_25c_6562/element.ddc
/users/student/mr108/hshuang19/synopsys_cache_Q-2019.12/DW02/DW_mult_uns/apparch/8/1/sc9_cln40g_base_lvt_tt_typical_max_0p90v_25c_6562_8167_1016/element.ddc
/theda21_2/yllab/CBDK40_TSMC/CBDK_TSMC40_Arm_f1.0/CIC/SynopsysDC/db/sc9_base_lvt/sc9_cln40g_base_lvt_ss_typical_max_0p81v_m40c.db
/theda21_2/yllab/CBDK40_TSMC/CBDK_TSMC40_Arm_f1.0/CIC/SynopsysDC/db/sc9_base_lvt/sc9_cln40g_base_lvt_ff_typical_min_0p99v_m40c.db
/theda21_2/yllab/CBDK40_TSMC/CBDK_TSMC40_Arm_f1.0/CIC/SynopsysDC/db/sc9_base_lvt/sc9_cln40g_base_lvt_tt_typical_max_0p90v_25c.db
/theda21_2/yllab/CBDK40_TSMC/CBDK_TSMC40_Arm_f1.0/CIC/SynopsysDC/db/sc9_base_lvt/sc9_cln40g_base_lvt_tt_typical_max_0p90v_25c.db
