ncverilog: 15.20-s039: (c) Copyright 1995-2017 Cadence Design Systems, Inc.
TOOL:	ncverilog	15.20-s039: Started on Mar 29, 2020 at 12:41:42 CST
ncverilog
	header.v
	IPF_tb.v
	IPF.v
	+access+r
	+define+MODE0
Recompiling... reason: file './IPF.v' is newer than expected.
	expected: Sun Mar 29 11:17:40 2020
	actual:   Sun Mar 29 12:41:41 2020
file: IPF_tb.v
/*		
 |
ncvlog: *W,NOCMIC (IPF_tb.v,600|1): error-prone block comment nested within block comment [2.3(IEEE)].
file: IPF.v
	module worklib.CUBE:v
		errors: 0, warnings: 0
	module worklib.IPF:v
		errors: 0, warnings: 0
		Caching library 'worklib' ....... Done
	Elaborating the design hierarchy:
	Building instance overlay tables: 
				default:locali_5_s0r1_id2<= {{DATA1{1'b0}},i[D2+(NO5-1)*8:(NO5-1)*8],i[D2+(NO5-1)*8:(NO5-1)*8],{DATA1{1'b0}},i[SB +D2+(NO5-1)*8:SB +(NO5-1)*8],{DATA1{1'b0}},i[SA +D2+(NO5-1)*8:SA +(NO5-1)*8]};
				                                           |
ncelab: *W,BNDWRN (./IPF.v,266|47): Bit-select or part-select index out of declared bounds.
				default:locali_5_s0r1_id2<= {{DATA1{1'b0}},i[D2+(NO5-1)*8:(NO5-1)*8],i[D2+(NO5-1)*8:(NO5-1)*8],{DATA1{1'b0}},i[SB +D2+(NO5-1)*8:SB +(NO5-1)*8],{DATA1{1'b0}},i[SA +D2+(NO5-1)*8:SA +(NO5-1)*8]};
				                                                                     |
ncelab: *W,BNDWRN (./IPF.v,266|73): Bit-select or part-select index out of declared bounds.
				1:locali_7_s0r2_id34<={i[D3+(NO7-1)*8:(NO7-1)*8],i[SB +D3+(NO7-1)*8:SB +(NO7-1)*8],i[SA +D3+(NO7-1)*8:SA +(NO7-1)*8]};
				                       |
ncelab: *W,BNDWRN (./IPF.v,481|27): Bit-select or part-select index out of declared bounds.
.
				default:locali_5_s0r1_id2<= {{DATA1{1'b0}},i[D2+(NO5-1)*8:(NO5-1)*8],i[D2+(NO5-1)*8:(NO5-1)*8],{DATA1{1'b0}},i[SB +D2+(NO5-1)*8:SB +(NO5-1)*8],{DATA1{1'b0}},i[SA +D2+(NO5-1)*8:SA +(NO5-1)*8]};
				                                           |
ncelab: *W,BNDWRN (./IPF.v,266|47): Bit-select or part-select index out of declared bounds.
				default:locali_5_s0r1_id2<= {{DATA1{1'b0}},i[D2+(NO5-1)*8:(NO5-1)*8],i[D2+(NO5-1)*8:(NO5-1)*8],{DATA1{1'b0}},i[SB +D2+(NO5-1)*8:SB +(NO5-1)*8],{DATA1{1'b0}},i[SA +D2+(NO5-1)*8:SA +(NO5-1)*8]};
				                                                                     |
ncelab: *W,BNDWRN (./IPF.v,266|73): Bit-select or part-select index out of declared bounds.
				1:locali_7_s0r2_id34<={i[D3+(NO7-1)*8:(NO7-1)*8],i[SB +D3+(NO7-1)*8:SB +(NO7-1)*8],i[SA +D3+(NO7-1)*8:SA +(NO7-1)*8]};
				                       |
ncelab: *W,BNDWRN (./IPF.v,481|27): Bit-select or part-select index out of declared bounds.
				default:locali_5_s0r1_id2<= {{DATA1{1'b0}},i[D2+(NO5-1)*8:(NO5-1)*8],i[D2+(NO5-1)*8:(NO5-1)*8],{DATA1{1'b0}},i[SB +D2+(NO5-1)*8:SB +(NO5-1)*8],{DATA1{1'b0}},i[SA +D2+(NO5-1)*8:SA +(NO5-1)*8]};
				                                           |
ncelab: *W,BNDWRN (./IPF.v,266|47): Bit-select or part-select index out of declared bounds.
				default:locali_5_s0r1_id2<= {{DATA1{1'b0}},i[D2+(NO5-1)*8:(NO5-1)*8],i[D2+(NO5-1)*8:(NO5-1)*8],{DATA1{1'b0}},i[SB +D2+(NO5-1)*8:SB +(NO5-1)*8],{DATA1{1'b0}},i[SA +D2+(NO5-1)*8:SA +(NO5-1)*8]};
				                                                                     |
ncelab: *W,BNDWRN (./IPF.v,266|73): Bit-select or part-select index out of declared bounds.
				1:locali_7_s0r2_id34<={i[D3+(NO7-1)*8:(NO7-1)*8],i[SB +D3+(NO7-1)*8:SB +(NO7-1)*8],i[SA +D3+(NO7-1)*8:SA +(NO7-1)*8]};
				                       |
ncelab: *W,BNDWRN (./IPF.v,481|27): Bit-select or part-select index out of declared bounds.
				default:locali_5_s0r1_id2<= {{DATA1{1'b0}},i[D2+(NO5-1)*8:(NO5-1)*8],i[D2+(NO5-1)*8:(NO5-1)*8],{DATA1{1'b0}},i[SB +D2+(NO5-1)*8:SB +(NO5-1)*8],{DATA1{1'b0}},i[SA +D2+(NO5-1)*8:SA +(NO5-1)*8]};
				                                           |
ncelab: *W,BNDWRN (./IPF.v,266|47): Bit-select or part-select index out of declared bounds.
				default:locali_5_s0r1_id2<= {{DATA1{1'b0}},i[D2+(NO5-1)*8:(NO5-1)*8],i[D2+(NO5-1)*8:(NO5-1)*8],{DATA1{1'b0}},i[SB +D2+(NO5-1)*8:SB +(NO5-1)*8],{DATA1{1'b0}},i[SA +D2+(NO5-1)*8:SA +(NO5-1)*8]};
				                                                                     |
ncelab: *W,BNDWRN (./IPF.v,266|73): Bit-select or part-select index out of declared bounds.
				1:locali_7_s0r2_id34<={i[D3+(NO7-1)*8:(NO7-1)*8],i[SB +D3+(NO7-1)*8:SB +(NO7-1)*8],i[SA +D3+(NO7-1)*8:SA +(NO7-1)*8]};
				                       |
ncelab: *W,BNDWRN (./IPF.v,481|27): Bit-select or part-select index out of declared bounds.
.
				0:locali_5_s0r1_id2<={{DATA1{1'b0}},i[D1:0],i[D1+(NO5+7)*8:(NO5+7)*8],{DATA1{1'b0}},i[SB +D1:SB],i[SB +D1+(NO5+7)*8:SB +(NO5+7)*8],{DATA1{1'b0}},i[SA +D1:SA],i[SA +D1+(NO5+7)*8:SA +(NO5+7)*8]}; //NO5_0
				                                                                                                                                                              |
ncelab: *W,BNDWRN (./IPF.v,265|162): Bit-select or part-select index out of declared bounds.
				0:locali_5_s0r1_id3<={{DATA3{1'b0}},{DATA1{1'b0}},i[SB +D1:SB],i[SB +D1+(NO5+7)*8:SB +(NO5+7)*8],{DATA1{1'b0}},i[SA +D1:SA],i[SA +D1+(NO5+7)*8:SA +(NO5+7)*8]}; //NO5_0
				                                                                                                                            |
ncelab: *W,BNDWRN (./IPF.v,276|128): Bit-select or part-select index out of declared bounds.
				1:locali_7_s0r2_id34<={i[D3+(NO7-1)*8:(NO7-1)*8],i[SB +D3+(NO7-1)*8:SB +(NO7-1)*8],i[SA +D3+(NO7-1)*8:SA +(NO7-1)*8]};
				                       |
ncelab: *W,BNDWRN (./IPF.v,481|27): Bit-select or part-select index out of declared bounds.
				0:locali_5_s0r1_id2<={{DATA1{1'b0}},i[D1:0],i[D1+(NO5+7)*8:(NO5+7)*8],{DATA1{1'b0}},i[SB +D1:SB],i[SB +D1+(NO5+7)*8:SB +(NO5+7)*8],{DATA1{1'b0}},i[SA +D1:SA],i[SA +D1+(NO5+7)*8:SA +(NO5+7)*8]}; //NO5_0
				                                                                                                                                                              |
ncelab: *W,BNDWRN (./IPF.v,265|162): Bit-select or part-select index out of declared bounds.
				0:locali_5_s0r1_id3<={{DATA3{1'b0}},{DATA1{1'b0}},i[SB +D1:SB],i[SB +D1+(NO5+7)*8:SB +(NO5+7)*8],{DATA1{1'b0}},i[SA +D1:SA],i[SA +D1+(NO5+7)*8:SA +(NO5+7)*8]}; //NO5_0
				                                                                                                                            |
ncelab: *W,BNDWRN (./IPF.v,276|128): Bit-select or part-select index out of declared bounds.
				1:locali_7_s0r2_id34<={i[D3+(NO7-1)*8:(NO7-1)*8],i[SB +D3+(NO7-1)*8:SB +(NO7-1)*8],i[SA +D3+(NO7-1)*8:SA +(NO7-1)*8]};
				                       |
ncelab: *W,BNDWRN (./IPF.v,481|27): Bit-select or part-select index out of declared bounds.
				default: locali_3 <= {i[D3+NO3*8 : NO3*8] ,i[SB +D3+NO3*8 :SB +NO3*8] ,i[SA +D3+NO3*8 : SA +NO3*8] };
				                                                                       |
ncelab: *W,BNDWRN (./IPF.v,193|75): Bit-select or part-select index out of declared bounds.
				0:locali_5_s0r1_id2<={{DATA1{1'b0}},i[D1:0],i[D1+(NO5+7)*8:(NO5+7)*8],{DATA1{1'b0}},i[SB +D1:SB],i[SB +D1+(NO5+7)*8:SB +(NO5+7)*8],{DATA1{1'b0}},i[SA +D1:SA],i[SA +D1+(NO5+7)*8:SA +(NO5+7)*8]}; //NO5_0
				                                                                                                                                                              |
ncelab: *W,BNDWRN (./IPF.v,265|162): Bit-select or part-select index out of declared bounds.
				0:locali_5_s0r1_id3<={{DATA3{1'b0}},{DATA1{1'b0}},i[SB +D1:SB],i[SB +D1+(NO5+7)*8:SB +(NO5+7)*8],{DATA1{1'b0}},i[SA +D1:SA],i[SA +D1+(NO5+7)*8:SA +(NO5+7)*8]}; //NO5_0
				                                                                                                                            |
ncelab: *W,BNDWRN (./IPF.v,276|128): Bit-select or part-select index out of declared bounds.
				1:locali_7_s0r2_id34<={i[D3+(NO7-1)*8:(NO7-1)*8],i[SB +D3+(NO7-1)*8:SB +(NO7-1)*8],i[SA +D3+(NO7-1)*8:SA +(NO7-1)*8]};
				                       |
ncelab: *W,BNDWRN (./IPF.v,481|27): Bit-select or part-select index out of declared bounds.
				6:locali_3<={i[D1:0],i[D2+NO3*8 :NO3*8],i[SB +D1:SB +0],i[SB +D2+NO3*8 : SB +NO3*8],i[SA +D1:SA +0],i[SA +D2+NO3*8 : SA +NO3*8]};
				                                                                                                    |
ncelab: *W,BNDWRN (./IPF.v,191|104): Bit-select or part-select index out of declared bounds.
				default: locali_3 <= {i[D3+NO3*8 : NO3*8] ,i[SB +D3+NO3*8 :SB +NO3*8] ,i[SA +D3+NO3*8 : SA +NO3*8] };
				                                                                       |
ncelab: *W,BNDWRN (./IPF.v,193|75): Bit-select or part-select index out of declared bounds.
				0:locali_5_s0r1_id2<={{DATA1{1'b0}},i[D1:0],i[D1+(NO5+7)*8:(NO5+7)*8],{DATA1{1'b0}},i[SB +D1:SB],i[SB +D1+(NO5+7)*8:SB +(NO5+7)*8],{DATA1{1'b0}},i[SA +D1:SA],i[SA +D1+(NO5+7)*8:SA +(NO5+7)*8]}; //NO5_0
				                                                                                                                                                              |
ncelab: *W,BNDWRN (./IPF.v,265|162): Bit-select or part-select index out of declared bounds.
				0:locali_5_s0r1_id3<={{DATA3{1'b0}},{DATA1{1'b0}},i[SB +D1:SB],i[SB +D1+(NO5+7)*8:SB +(NO5+7)*8],{DATA1{1'b0}},i[SA +D1:SA],i[SA +D1+(NO5+7)*8:SA +(NO5+7)*8]}; //NO5_0
				                                                                                                                            |
ncelab: *W,BNDWRN (./IPF.v,276|128): Bit-select or part-select index out of declared bounds.
				1:locali_7_s0r2_id34<={i[D3+(NO7-1)*8:(NO7-1)*8],i[SB +D3+(NO7-1)*8:SB +(NO7-1)*8],i[SA +D3+(NO7-1)*8:SA +(NO7-1)*8]};
				                       |
ncelab: *W,BNDWRN (./IPF.v,481|27): Bit-select or part-select index out of declared bounds.
.
				default:locali_5_s0r1_id0<={i[D3+(NO5+4)*8:(NO5+4)*8],i[SB +D3+(NO5+4)*8:SB +(NO5+4)*8],i[SA +D3+(NO5+4)*8:SA +(NO5+4)*8]};
				                                                                                        |
ncelab: *W,BNDWRN (./IPF.v,243|92): Bit-select or part-select index out of declared bounds.
				default:locali_5_s0r1_id1<={{DATA3{1'b0}},i[SB +D3+(NO5+4)*8:SB +(NO5+4)*8],i[SA +D3+(NO5+4)*8:SA +(NO5+4)*8]};
				                                                                            |
ncelab: *W,BNDWRN (./IPF.v,255|80): Bit-select or part-select index out of declared bounds.
				0:locali_5_s0r1_id2<={{DATA1{1'b0}},i[D1:0],i[D1+(NO5+7)*8:(NO5+7)*8],{DATA1{1'b0}},i[SB +D1:SB],i[SB +D1+(NO5+7)*8:SB +(NO5+7)*8],{DATA1{1'b0}},i[SA +D1:SA],i[SA +D1+(NO5+7)*8:SA +(NO5+7)*8]}; //NO5_0
				                                                                                                                                                              |
ncelab: *W,BNDWRN (./IPF.v,265|162): Bit-select or part-select index out of declared bounds.
				0:locali_5_s0r1_id3<={{DATA3{1'b0}},{DATA1{1'b0}},i[SB +D1:SB],i[SB +D1+(NO5+7)*8:SB +(NO5+7)*8],{DATA1{1'b0}},i[SA +D1:SA],i[SA +D1+(NO5+7)*8:SA +(NO5+7)*8]}; //NO5_0
				                                                                                                                            |
ncelab: *W,BNDWRN (./IPF.v,276|128): Bit-select or part-select index out of declared bounds.
				1:locali_7_s0r2_id34<={i[D3+(NO7-1)*8:(NO7-1)*8],i[SB +D3+(NO7-1)*8:SB +(NO7-1)*8],i[SA +D3+(NO7-1)*8:SA +(NO7-1)*8]};
				                       |
ncelab: *W,BNDWRN (./IPF.v,481|27): Bit-select or part-select index out of declared bounds.
				default:locali_5_s0r1_id0<={i[D3+(NO5+4)*8:(NO5+4)*8],i[SB +D3+(NO5+4)*8:SB +(NO5+4)*8],i[SA +D3+(NO5+4)*8:SA +(NO5+4)*8]};
				                                                                                        |
ncelab: *W,BNDWRN (./IPF.v,243|92): Bit-select or part-select index out of declared bounds.
				default:locali_5_s0r1_id1<={{DATA3{1'b0}},i[SB +D3+(NO5+4)*8:SB +(NO5+4)*8],i[SA +D3+(NO5+4)*8:SA +(NO5+4)*8]};
				                                                                            |
ncelab: *W,BNDWRN (./IPF.v,255|80): Bit-select or part-select index out of declared bounds.
				0:locali_5_s0r1_id2<={{DATA1{1'b0}},i[D1:0],i[D1+(NO5+7)*8:(NO5+7)*8],{DATA1{1'b0}},i[SB +D1:SB],i[SB +D1+(NO5+7)*8:SB +(NO5+7)*8],{DATA1{1'b0}},i[SA +D1:SA],i[SA +D1+(NO5+7)*8:SA +(NO5+7)*8]}; //NO5_0
				                                                                                                                                                              |
ncelab: *W,BNDWRN (./IPF.v,265|162): Bit-select or part-select index out of declared bounds.
				0:locali_5_s0r1_id3<={{DATA3{1'b0}},{DATA1{1'b0}},i[SB +D1:SB],i[SB +D1+(NO5+7)*8:SB +(NO5+7)*8],{DATA1{1'b0}},i[SA +D1:SA],i[SA +D1+(NO5+7)*8:SA +(NO5+7)*8]}; //NO5_0
				                                                                                                                            |
ncelab: *W,BNDWRN (./IPF.v,276|128): Bit-select or part-select index out of declared bounds.
				1:locali_7_s0r2_id34<={i[D3+(NO7-1)*8:(NO7-1)*8],i[SB +D3+(NO7-1)*8:SB +(NO7-1)*8],i[SA +D3+(NO7-1)*8:SA +(NO7-1)*8]};
				                       |
ncelab: *W,BNDWRN (./IPF.v,481|27): Bit-select or part-select index out of declared bounds.
				default:locali_5_s0r1_id0<={i[D3+(NO5+4)*8:(NO5+4)*8],i[SB +D3+(NO5+4)*8:SB +(NO5+4)*8],i[SA +D3+(NO5+4)*8:SA +(NO5+4)*8]};
				                                                                                        |
ncelab: *W,BNDWRN (./IPF.v,243|92): Bit-select or part-select index out of declared bounds.
				default:locali_5_s0r1_id1<={{DATA3{1'b0}},i[SB +D3+(NO5+4)*8:SB +(NO5+4)*8],i[SA +D3+(NO5+4)*8:SA +(NO5+4)*8]};
				                                                                            |
ncelab: *W,BNDWRN (./IPF.v,255|80): Bit-select or part-select index out of declared bounds.
				0:locali_5_s0r1_id2<={{DATA1{1'b0}},i[D1:0],i[D1+(NO5+7)*8:(NO5+7)*8],{DATA1{1'b0}},i[SB +D1:SB],i[SB +D1+(NO5+7)*8:SB +(NO5+7)*8],{DATA1{1'b0}},i[SA +D1:SA],i[SA +D1+(NO5+7)*8:SA +(NO5+7)*8]}; //NO5_0
				                                                                                                                                                              |
ncelab: *W,BNDWRN (./IPF.v,265|162): Bit-select or part-select index out of declared bounds.
				0:locali_5_s0r1_id3<={{DATA3{1'b0}},{DATA1{1'b0}},i[SB +D1:SB],i[SB +D1+(NO5+7)*8:SB +(NO5+7)*8],{DATA1{1'b0}},i[SA +D1:SA],i[SA +D1+(NO5+7)*8:SA +(NO5+7)*8]}; //NO5_0
				                                                                                                                            |
ncelab: *W,BNDWRN (./IPF.v,276|128): Bit-select or part-select index out of declared bounds.
				1:locali_7_s0r2_id34<={i[D3+(NO7-1)*8:(NO7-1)*8],i[SB +D3+(NO7-1)*8:SB +(NO7-1)*8],i[SA +D3+(NO7-1)*8:SA +(NO7-1)*8]};
				                       |
ncelab: *W,BNDWRN (./IPF.v,481|27): Bit-select or part-select index out of declared bounds.
.
				default:locali_5_s0r1_id0<={i[D3+(NO5+4)*8:(NO5+4)*8],i[SB +D3+(NO5+4)*8:SB +(NO5+4)*8],i[SA +D3+(NO5+4)*8:SA +(NO5+4)*8]};
				                                                                                        |
ncelab: *W,BNDWRN (./IPF.v,243|92): Bit-select or part-select index out of declared bounds.
				default:locali_5_s0r1_id1<={{DATA3{1'b0}},i[SB +D3+(NO5+4)*8:SB +(NO5+4)*8],i[SA +D3+(NO5+4)*8:SA +(NO5+4)*8]};
				                                                                            |
ncelab: *W,BNDWRN (./IPF.v,255|80): Bit-select or part-select index out of declared bounds.
				0:locali_5_s0r1_id2<={{DATA1{1'b0}},i[D1:0],i[D1+(NO5+7)*8:(NO5+7)*8],{DATA1{1'b0}},i[SB +D1:SB],i[SB +D1+(NO5+7)*8:SB +(NO5+7)*8],{DATA1{1'b0}},i[SA +D1:SA],i[SA +D1+(NO5+7)*8:SA +(NO5+7)*8]}; //NO5_0
				                                                                                                                                                              |
ncelab: *W,BNDWRN (./IPF.v,265|162): Bit-select or part-select index out of declared bounds.
				0:locali_5_s0r1_id3<={{DATA3{1'b0}},{DATA1{1'b0}},i[SB +D1:SB],i[SB +D1+(NO5+7)*8:SB +(NO5+7)*8],{DATA1{1'b0}},i[SA +D1:SA],i[SA +D1+(NO5+7)*8:SA +(NO5+7)*8]}; //NO5_0
				                                                                                                                            |
ncelab: *W,BNDWRN (./IPF.v,276|128): Bit-select or part-select index out of declared bounds.
				1:locali_7_s0r2_id34<={i[D3+(NO7-1)*8:(NO7-1)*8],i[SB +D3+(NO7-1)*8:SB +(NO7-1)*8],i[SA +D3+(NO7-1)*8:SA +(NO7-1)*8]};
				                       |
ncelab: *W,BNDWRN (./IPF.v,481|27): Bit-select or part-select index out of declared bounds.
				2:locali_5_s0r1_id0<= {i[D1:0],i[D2+(NO5+4)*8:(NO5+4)*8],i[SB +D1:SB],i[SB +D2+(NO5+4)*8:SB +(NO5+4)*8],i[SA +D1:SA],i[SA +D2+(NO5+4)*8:SA +(NO5+4)*8]};
				                                                                                                                     |
ncelab: *W,BNDWRN (./IPF.v,241|121): Bit-select or part-select index out of declared bounds.
				default:locali_5_s0r1_id0<={i[D3+(NO5+4)*8:(NO5+4)*8],i[SB +D3+(NO5+4)*8:SB +(NO5+4)*8],i[SA +D3+(NO5+4)*8:SA +(NO5+4)*8]};
				                                                                                        |
ncelab: *W,BNDWRN (./IPF.v,243|92): Bit-select or part-select index out of declared bounds.
				2:locali_5_s0r1_id1<= {{DATA3{1'b0}},i[SB +D1:SB],i[SB +D2+(NO5+4)*8:SB +(NO5+4)*8],i[SA +D1:SA],i[SA +D2+(NO5+4)*8:SA +(NO5+4)*8]};
				                                                                                                 |
ncelab: *W,BNDWRN (./IPF.v,253|101): Bit-select or part-select index out of declared bounds.
				default:locali_5_s0r1_id1<={{DATA3{1'b0}},i[SB +D3+(NO5+4)*8:SB +(NO5+4)*8],i[SA +D3+(NO5+4)*8:SA +(NO5+4)*8]};
				                                                                            |
ncelab: *W,BNDWRN (./IPF.v,255|80): Bit-select or part-select index out of declared bounds.
				0:locali_5_s0r1_id2<={{DATA1{1'b0}},i[D1:0],i[D1+(NO5+7)*8:(NO5+7)*8],{DATA1{1'b0}},i[SB +D1:SB],i[SB +D1+(NO5+7)*8:SB +(NO5+7)*8],{DATA1{1'b0}},i[SA +D1:SA],i[SA +D1+(NO5+7)*8:SA +(NO5+7)*8]}; //NO5_0
				                                                                                                                                                              |
ncelab: *W,BNDWRN (./IPF.v,265|162): Bit-select or part-select index out of declared bounds.
				0:locali_5_s0r1_id3<={{DATA3{1'b0}},{DATA1{1'b0}},i[SB +D1:SB],i[SB +D1+(NO5+7)*8:SB +(NO5+7)*8],{DATA1{1'b0}},i[SA +D1:SA],i[SA +D1+(NO5+7)*8:SA +(NO5+7)*8]}; //NO5_0
				                                                                                                                            |
ncelab: *W,BNDWRN (./IPF.v,276|128): Bit-select or part-select index out of declared bounds.
				default:locali_5_s1_id0<={i[D3+(NO5*2)*8:(NO5*2)*8],i[SB +D3+(NO5*2)*8:SB +(NO5*2)*8],i[SA +D3+(NO5*2)*8:SA +(NO5*2)*8]};
				                                                                                      |
ncelab: *W,BNDWRN (./IPF.v,317|90): Bit-select or part-select index out of declared bounds.
				default:locali_5_s1_id1<={{DATA3{1'b0}},i[SB +D3+(NO5*2)*8:SB +(NO5*2)*8],i[SA +D3+(NO5*2)*8:SA +(NO5*2)*8]};
				                                                                          |
ncelab: *W,BNDWRN (./IPF.v,328|78): Bit-select or part-select index out of declared bounds.
				1:locali_7_s0r2_id34<={i[D3+(NO7-1)*8:(NO7-1)*8],i[SB +D3+(NO7-1)*8:SB +(NO7-1)*8],i[SA +D3+(NO7-1)*8:SA +(NO7-1)*8]};
				                       |
ncelab: *W,BNDWRN (./IPF.v,481|27): Bit-select or part-select index out of declared bounds.
				2:locali_5_s0r1_id0<= {i[D1:0],i[D2+(NO5+4)*8:(NO5+4)*8],i[SB +D1:SB],i[SB +D2+(NO5+4)*8:SB +(NO5+4)*8],i[SA +D1:SA],i[SA +D2+(NO5+4)*8:SA +(NO5+4)*8]};
				                                                                                                                     |
ncelab: *W,BNDWRN (./IPF.v,241|121): Bit-select or part-select index out of declared bounds.
				default:locali_5_s0r1_id0<={i[D3+(NO5+4)*8:(NO5+4)*8],i[SB +D3+(NO5+4)*8:SB +(NO5+4)*8],i[SA +D3+(NO5+4)*8:SA +(NO5+4)*8]};
				                                                                                        |
ncelab: *W,BNDWRN (./IPF.v,243|92): Bit-select or part-select index out of declared bounds.
				2:locali_5_s0r1_id1<= {{DATA3{1'b0}},i[SB +D1:SB],i[SB +D2+(NO5+4)*8:SB +(NO5+4)*8],i[SA +D1:SA],i[SA +D2+(NO5+4)*8:SA +(NO5+4)*8]};
				                                                                                                 |
ncelab: *W,BNDWRN (./IPF.v,253|101): Bit-select or part-select index out of declared bounds.
				default:locali_5_s0r1_id1<={{DATA3{1'b0}},i[SB +D3+(NO5+4)*8:SB +(NO5+4)*8],i[SA +D3+(NO5+4)*8:SA +(NO5+4)*8]};
				                                                                            |
ncelab: *W,BNDWRN (./IPF.v,255|80): Bit-select or part-select index out of declared bounds.
				0:locali_5_s0r1_id2<={{DATA1{1'b0}},i[D1:0],i[D1+(NO5+7)*8:(NO5+7)*8],{DATA1{1'b0}},i[SB +D1:SB],i[SB +D1+(NO5+7)*8:SB +(NO5+7)*8],{DATA1{1'b0}},i[SA +D1:SA],i[SA +D1+(NO5+7)*8:SA +(NO5+7)*8]}; //NO5_0
				                                                                                                                                                              |
ncelab: *W,BNDWRN (./IPF.v,265|162): Bit-select or part-select index out of declared bounds.
				0:locali_5_s0r1_id3<={{DATA3{1'b0}},{DATA1{1'b0}},i[SB +D1:SB],i[SB +D1+(NO5+7)*8:SB +(NO5+7)*8],{DATA1{1'b0}},i[SA +D1:SA],i[SA +D1+(NO5+7)*8:SA +(NO5+7)*8]}; //NO5_0
				                                                                                                                            |
ncelab: *W,BNDWRN (./IPF.v,276|128): Bit-select or part-select index out of declared bounds.
				default:locali_5_s1_id0<={i[D3+(NO5*2)*8:(NO5*2)*8],i[SB +D3+(NO5*2)*8:SB +(NO5*2)*8],i[SA +D3+(NO5*2)*8:SA +(NO5*2)*8]};
				                                                                                      |
ncelab: *W,BNDWRN (./IPF.v,317|90): Bit-select or part-select index out of declared bounds.
				default:locali_5_s1_id1<={{DATA3{1'b0}},i[SB +D3+(NO5*2)*8:SB +(NO5*2)*8],i[SA +D3+(NO5*2)*8:SA +(NO5*2)*8]};
				                                                                          |
ncelab: *W,BNDWRN (./IPF.v,328|78): Bit-select or part-select index out of declared bounds.
				1:locali_7_s0r2_id34<={i[D3+(NO7-1)*8:(NO7-1)*8],i[SB +D3+(NO7-1)*8:SB +(NO7-1)*8],i[SA +D3+(NO7-1)*8:SA +(NO7-1)*8]};
				                       |
ncelab: *W,BNDWRN (./IPF.v,481|27): Bit-select or part-select index out of declared bounds.
.
				default: locali_3 <= {i[D3+NO3*8 : NO3*8] ,i[SB +D3+NO3*8 :SB +NO3*8] ,i[SA +D3+NO3*8 : SA +NO3*8] };
				                                                                       |
ncelab: *W,BNDWRN (./IPF.v,193|75): Bit-select or part-select index out of declared bounds.
				2:locali_5_s0r1_id0<= {i[D1:0],i[D2+(NO5+4)*8:(NO5+4)*8],i[SB +D1:SB],i[SB +D2+(NO5+4)*8:SB +(NO5+4)*8],i[SA +D1:SA],i[SA +D2+(NO5+4)*8:SA +(NO5+4)*8]};
				                                                                                                                     |
ncelab: *W,BNDWRN (./IPF.v,241|121): Bit-select or part-select index out of declared bounds.
				default:locali_5_s0r1_id0<={i[D3+(NO5+4)*8:(NO5+4)*8],i[SB +D3+(NO5+4)*8:SB +(NO5+4)*8],i[SA +D3+(NO5+4)*8:SA +(NO5+4)*8]};
				                                                                                        |
ncelab: *W,BNDWRN (./IPF.v,243|92): Bit-select or part-select index out of declared bounds.
				2:locali_5_s0r1_id1<= {{DATA3{1'b0}},i[SB +D1:SB],i[SB +D2+(NO5+4)*8:SB +(NO5+4)*8],i[SA +D1:SA],i[SA +D2+(NO5+4)*8:SA +(NO5+4)*8]};
				                                                                                                 |
ncelab: *W,BNDWRN (./IPF.v,253|101): Bit-select or part-select index out of declared bounds.
				default:locali_5_s0r1_id1<={{DATA3{1'b0}},i[SB +D3+(NO5+4)*8:SB +(NO5+4)*8],i[SA +D3+(NO5+4)*8:SA +(NO5+4)*8]};
				                                                                            |
ncelab: *W,BNDWRN (./IPF.v,255|80): Bit-select or part-select index out of declared bounds.
				0:locali_5_s0r1_id2<={{DATA1{1'b0}},i[D1:0],i[D1+(NO5+7)*8:(NO5+7)*8],{DATA1{1'b0}},i[SB +D1:SB],i[SB +D1+(NO5+7)*8:SB +(NO5+7)*8],{DATA1{1'b0}},i[SA +D1:SA],i[SA +D1+(NO5+7)*8:SA +(NO5+7)*8]}; //NO5_0
				                                                                                                                                                              |
ncelab: *W,BNDWRN (./IPF.v,265|162): Bit-select or part-select index out of declared bounds.
				0:locali_5_s0r1_id3<={{DATA3{1'b0}},{DATA1{1'b0}},i[SB +D1:SB],i[SB +D1+(NO5+7)*8:SB +(NO5+7)*8],{DATA1{1'b0}},i[SA +D1:SA],i[SA +D1+(NO5+7)*8:SA +(NO5+7)*8]}; //NO5_0
				                                                                                                                            |
ncelab: *W,BNDWRN (./IPF.v,276|128): Bit-select or part-select index out of declared bounds.
				default:locali_5_s1_id0<={i[D3+(NO5*2)*8:(NO5*2)*8],i[SB +D3+(NO5*2)*8:SB +(NO5*2)*8],i[SA +D3+(NO5*2)*8:SA +(NO5*2)*8]};
				                                                                                      |
ncelab: *W,BNDWRN (./IPF.v,317|90): Bit-select or part-select index out of declared bounds.
				default:locali_5_s1_id1<={{DATA3{1'b0}},i[SB +D3+(NO5*2)*8:SB +(NO5*2)*8],i[SA +D3+(NO5*2)*8:SA +(NO5*2)*8]};
				                                                                          |
ncelab: *W,BNDWRN (./IPF.v,328|78): Bit-select or part-select index out of declared bounds.
				1:locali_7_s0r2_id34<={i[D3+(NO7-1)*8:(NO7-1)*8],i[SB +D3+(NO7-1)*8:SB +(NO7-1)*8],i[SA +D3+(NO7-1)*8:SA +(NO7-1)*8]};
				                       |
ncelab: *W,BNDWRN (./IPF.v,481|27): Bit-select or part-select index out of declared bounds.
				6:locali_3<={i[D1:0],i[D2+NO3*8 :NO3*8],i[SB +D1:SB +0],i[SB +D2+NO3*8 : SB +NO3*8],i[SA +D1:SA +0],i[SA +D2+NO3*8 : SA +NO3*8]};
				                                                                                                    |
ncelab: *W,BNDWRN (./IPF.v,191|104): Bit-select or part-select index out of declared bounds.
				default: locali_3 <= {i[D3+NO3*8 : NO3*8] ,i[SB +D3+NO3*8 :SB +NO3*8] ,i[SA +D3+NO3*8 : SA +NO3*8] };
				                                                                       |
ncelab: *W,BNDWRN (./IPF.v,193|75): Bit-select or part-select index out of declared bounds.
				2:locali_5_s0r1_id0<= {i[D1:0],i[D2+(NO5+4)*8:(NO5+4)*8],i[SB +D1:SB],i[SB +D2+(NO5+4)*8:SB +(NO5+4)*8],i[SA +D1:SA],i[SA +D2+(NO5+4)*8:SA +(NO5+4)*8]};
				                                                                                                                     |
ncelab: *W,BNDWRN (./IPF.v,241|121): Bit-select or part-select index out of declared bounds.
				default:locali_5_s0r1_id0<={i[D3+(NO5+4)*8:(NO5+4)*8],i[SB +D3+(NO5+4)*8:SB +(NO5+4)*8],i[SA +D3+(NO5+4)*8:SA +(NO5+4)*8]};
				                                                                                        |
ncelab: *W,BNDWRN (./IPF.v,243|92): Bit-select or part-select index out of declared bounds.
				2:locali_5_s0r1_id1<= {{DATA3{1'b0}},i[SB +D1:SB],i[SB +D2+(NO5+4)*8:SB +(NO5+4)*8],i[SA +D1:SA],i[SA +D2+(NO5+4)*8:SA +(NO5+4)*8]};
				                                                                                                 |
ncelab: *W,BNDWRN (./IPF.v,253|101): Bit-select or part-select index out of declared bounds.
				default:locali_5_s0r1_id1<={{DATA3{1'b0}},i[SB +D3+(NO5+4)*8:SB +(NO5+4)*8],i[SA +D3+(NO5+4)*8:SA +(NO5+4)*8]};
				                                                                            |
ncelab: *W,BNDWRN (./IPF.v,255|80): Bit-select or part-select index out of declared bounds.
				0:locali_5_s0r1_id2<={{DATA1{1'b0}},i[D1:0],i[D1+(NO5+7)*8:(NO5+7)*8],{DATA1{1'b0}},i[SB +D1:SB],i[SB +D1+(NO5+7)*8:SB +(NO5+7)*8],{DATA1{1'b0}},i[SA +D1:SA],i[SA +D1+(NO5+7)*8:SA +(NO5+7)*8]}; //NO5_0
				                                                                                                                                                              |
ncelab: *W,BNDWRN (./IPF.v,265|162): Bit-select or part-select index out of declared bounds.
				0:locali_5_s0r1_id3<={{DATA3{1'b0}},{DATA1{1'b0}},i[SB +D1:SB],i[SB +D1+(NO5+7)*8:SB +(NO5+7)*8],{DATA1{1'b0}},i[SA +D1:SA],i[SA +D1+(NO5+7)*8:SA +(NO5+7)*8]}; //NO5_0
				                                                                                                                            |
ncelab: *W,BNDWRN (./IPF.v,276|128): Bit-select or part-select index out of declared bounds.
				default:locali_5_s1_id0<={i[D3+(NO5*2)*8:(NO5*2)*8],i[SB +D3+(NO5*2)*8:SB +(NO5*2)*8],i[SA +D3+(NO5*2)*8:SA +(NO5*2)*8]};
				                                                                                      |
ncelab: *W,BNDWRN (./IPF.v,317|90): Bit-select or part-select index out of declared bounds.
				default:locali_5_s1_id1<={{DATA3{1'b0}},i[SB +D3+(NO5*2)*8:SB +(NO5*2)*8],i[SA +D3+(NO5*2)*8:SA +(NO5*2)*8]};
				                                                                          |
ncelab: *W,BNDWRN (./IPF.v,328|78): Bit-select or part-select index out of declared bounds.
				1:locali_7_s0r2_id34<={i[D3+(NO7-1)*8:(NO7-1)*8],i[SB +D3+(NO7-1)*8:SB +(NO7-1)*8],i[SA +D3+(NO7-1)*8:SA +(NO7-1)*8]};
				                       |
ncelab: *W,BNDWRN (./IPF.v,481|27): Bit-select or part-select index out of declared bounds.
				default:locali_5_s0r1_id2<= {{DATA1{1'b0}},i[D2+(NO5-1)*8:(NO5-1)*8],i[D2+(NO5-1)*8:(NO5-1)*8],{DATA1{1'b0}},i[SB +D2+(NO5-1)*8:SB +(NO5-1)*8],{DATA1{1'b0}},i[SA +D2+(NO5-1)*8:SA +(NO5-1)*8]};
				                                           |
ncelab: *W,BNDWRN (./IPF.v,266|47): Bit-select or part-select index out of declared bounds.
				default:locali_5_s0r1_id2<= {{DATA1{1'b0}},i[D2+(NO5-1)*8:(NO5-1)*8],i[D2+(NO5-1)*8:(NO5-1)*8],{DATA1{1'b0}},i[SB +D2+(NO5-1)*8:SB +(NO5-1)*8],{DATA1{1'b0}},i[SA +D2+(NO5-1)*8:SA +(NO5-1)*8]};
				                                                                     |
ncelab: *W,BNDWRN (./IPF.v,266|73): Bit-select or part-select index out of declared bounds.
				0:locali_7_s0r1_id34<={i[D3+(NO7+5)*8:(NO7+5)*8],i[SB +D3+(NO7+5)*8:SB +(NO7+5)*8],i[SA +D3+(NO7+5)*8:SA +(NO7+5)*8]};
				                                                                                   |
ncelab: *W,BNDWRN (./IPF.v,426|87): Bit-select or part-select index out of declared bounds.
				0:locali_7_s0r1_id5<={{DATA6{1'b0}},i[SA +D3+(NO7+5)*8:SA +(NO7+5)*8]};
				                                    |
ncelab: *W,BNDWRN (./IPF.v,437|40): Bit-select or part-select index out of declared bounds.
				0:locali_7_s0r2_id34<={i[D2:0],i[D1+(NO7+7)*8:(NO7+7)*8],i[SB +D2+NO7*8:SB +NO7*8],i[SB +D1+(NO7+7)*8:SB +(NO7+7)*8],i[SA +D2+NO7*8:SA +NO7*8],i[SA +D1+(NO7+7)*8:SA +(NO7+7)*8]};
				                                                                                                                                               |
ncelab: *W,BNDWRN (./IPF.v,480|147): Bit-select or part-select index out of declared bounds.
				0:locali_7_s0r2_id5<={{DATA6{1'b0}},i[SA +D2+NO7*8:SA +NO7*8],i[SA +D1+(NO7+7)*8:SA +(NO7+7)*8]};
				                                                              |
ncelab: *W,BNDWRN (./IPF.v,491|66): Bit-select or part-select index out of declared bounds.
				default:locali_5_s0r1_id2<= {{DATA1{1'b0}},i[D2+(NO5-1)*8:(NO5-1)*8],i[D2+(NO5-1)*8:(NO5-1)*8],{DATA1{1'b0}},i[SB +D2+(NO5-1)*8:SB +(NO5-1)*8],{DATA1{1'b0}},i[SA +D2+(NO5-1)*8:SA +(NO5-1)*8]};
				                                           |
ncelab: *W,BNDWRN (./IPF.v,266|47): Bit-select or part-select index out of declared bounds.
				default:locali_5_s0r1_id2<= {{DATA1{1'b0}},i[D2+(NO5-1)*8:(NO5-1)*8],i[D2+(NO5-1)*8:(NO5-1)*8],{DATA1{1'b0}},i[SB +D2+(NO5-1)*8:SB +(NO5-1)*8],{DATA1{1'b0}},i[SA +D2+(NO5-1)*8:SA +(NO5-1)*8]};
				                                                                     |
ncelab: *W,BNDWRN (./IPF.v,266|73): Bit-select or part-select index out of declared bounds.
				0:locali_7_s0r1_id34<={i[D3+(NO7+5)*8:(NO7+5)*8],i[SB +D3+(NO7+5)*8:SB +(NO7+5)*8],i[SA +D3+(NO7+5)*8:SA +(NO7+5)*8]};
				                                                                                   |
ncelab: *W,BNDWRN (./IPF.v,426|87): Bit-select or part-select index out of declared bounds.
				0:locali_7_s0r1_id5<={{DATA6{1'b0}},i[SA +D3+(NO7+5)*8:SA +(NO7+5)*8]};
				                                    |
ncelab: *W,BNDWRN (./IPF.v,437|40): Bit-select or part-select index out of declared bounds.
				0:locali_7_s0r2_id34<={i[D2:0],i[D1+(NO7+7)*8:(NO7+7)*8],i[SB +D2+NO7*8:SB +NO7*8],i[SB +D1+(NO7+7)*8:SB +(NO7+7)*8],i[SA +D2+NO7*8:SA +NO7*8],i[SA +D1+(NO7+7)*8:SA +(NO7+7)*8]};
				                                                                                                                                               |
ncelab: *W,BNDWRN (./IPF.v,480|147): Bit-select or part-select index out of declared bounds.
				0:locali_7_s0r2_id5<={{DATA6{1'b0}},i[SA +D2+NO7*8:SA +NO7*8],i[SA +D1+(NO7+7)*8:SA +(NO7+7)*8]};
				                                                              |
ncelab: *W,BNDWRN (./IPF.v,491|66): Bit-select or part-select index out of declared bounds.
.
				default:locali_5_s0r1_id2<= {{DATA1{1'b0}},i[D2+(NO5-1)*8:(NO5-1)*8],i[D2+(NO5-1)*8:(NO5-1)*8],{DATA1{1'b0}},i[SB +D2+(NO5-1)*8:SB +(NO5-1)*8],{DATA1{1'b0}},i[SA +D2+(NO5-1)*8:SA +(NO5-1)*8]};
				                                           |
ncelab: *W,BNDWRN (./IPF.v,266|47): Bit-select or part-select index out of declared bounds.
				default:locali_5_s0r1_id2<= {{DATA1{1'b0}},i[D2+(NO5-1)*8:(NO5-1)*8],i[D2+(NO5-1)*8:(NO5-1)*8],{DATA1{1'b0}},i[SB +D2+(NO5-1)*8:SB +(NO5-1)*8],{DATA1{1'b0}},i[SA +D2+(NO5-1)*8:SA +(NO5-1)*8]};
				                                                                     |
ncelab: *W,BNDWRN (./IPF.v,266|73): Bit-select or part-select index out of declared bounds.
				0:locali_7_s0r1_id34<={i[D3+(NO7+5)*8:(NO7+5)*8],i[SB +D3+(NO7+5)*8:SB +(NO7+5)*8],i[SA +D3+(NO7+5)*8:SA +(NO7+5)*8]};
				                                                                                   |
ncelab: *W,BNDWRN (./IPF.v,426|87): Bit-select or part-select index out of declared bounds.
				0:locali_7_s0r1_id5<={{DATA6{1'b0}},i[SA +D3+(NO7+5)*8:SA +(NO7+5)*8]};
				                                    |
ncelab: *W,BNDWRN (./IPF.v,437|40): Bit-select or part-select index out of declared bounds.
				0:locali_7_s0r2_id34<={i[D2:0],i[D1+(NO7+7)*8:(NO7+7)*8],i[SB +D2+NO7*8:SB +NO7*8],i[SB +D1+(NO7+7)*8:SB +(NO7+7)*8],i[SA +D2+NO7*8:SA +NO7*8],i[SA +D1+(NO7+7)*8:SA +(NO7+7)*8]};
				                                                                                                                                               |
ncelab: *W,BNDWRN (./IPF.v,480|147): Bit-select or part-select index out of declared bounds.
				0:locali_7_s0r2_id5<={{DATA6{1'b0}},i[SA +D2+NO7*8:SA +NO7*8],i[SA +D1+(NO7+7)*8:SA +(NO7+7)*8]};
				                                                              |
ncelab: *W,BNDWRN (./IPF.v,491|66): Bit-select or part-select index out of declared bounds.
				default:locali_5_s0r1_id2<= {{DATA1{1'b0}},i[D2+(NO5-1)*8:(NO5-1)*8],i[D2+(NO5-1)*8:(NO5-1)*8],{DATA1{1'b0}},i[SB +D2+(NO5-1)*8:SB +(NO5-1)*8],{DATA1{1'b0}},i[SA +D2+(NO5-1)*8:SA +(NO5-1)*8]};
				                                           |
ncelab: *W,BNDWRN (./IPF.v,266|47): Bit-select or part-select index out of declared bounds.
				default:locali_5_s0r1_id2<= {{DATA1{1'b0}},i[D2+(NO5-1)*8:(NO5-1)*8],i[D2+(NO5-1)*8:(NO5-1)*8],{DATA1{1'b0}},i[SB +D2+(NO5-1)*8:SB +(NO5-1)*8],{DATA1{1'b0}},i[SA +D2+(NO5-1)*8:SA +(NO5-1)*8]};
				                                                                     |
ncelab: *W,BNDWRN (./IPF.v,266|73): Bit-select or part-select index out of declared bounds.
				0:locali_7_s0r1_id34<={i[D3+(NO7+5)*8:(NO7+5)*8],i[SB +D3+(NO7+5)*8:SB +(NO7+5)*8],i[SA +D3+(NO7+5)*8:SA +(NO7+5)*8]};
				                                                                                   |
ncelab: *W,BNDWRN (./IPF.v,426|87): Bit-select or part-select index out of declared bounds.
				0:locali_7_s0r1_id5<={{DATA6{1'b0}},i[SA +D3+(NO7+5)*8:SA +(NO7+5)*8]};
				                                    |
ncelab: *W,BNDWRN (./IPF.v,437|40): Bit-select or part-select index out of declared bounds.
				0:locali_7_s0r2_id34<={i[D2:0],i[D1+(NO7+7)*8:(NO7+7)*8],i[SB +D2+NO7*8:SB +NO7*8],i[SB +D1+(NO7+7)*8:SB +(NO7+7)*8],i[SA +D2+NO7*8:SA +NO7*8],i[SA +D1+(NO7+7)*8:SA +(NO7+7)*8]};
				                                                                                                                                               |
ncelab: *W,BNDWRN (./IPF.v,480|147): Bit-select or part-select index out of declared bounds.
				0:locali_7_s0r2_id5<={{DATA6{1'b0}},i[SA +D2+NO7*8:SA +NO7*8],i[SA +D1+(NO7+7)*8:SA +(NO7+7)*8]};
				                                                              |
ncelab: *W,BNDWRN (./IPF.v,491|66): Bit-select or part-select index out of declared bounds.
				0:locali_5_s0r1_id2<={{DATA1{1'b0}},i[D1:0],i[D1+(NO5+7)*8:(NO5+7)*8],{DATA1{1'b0}},i[SB +D1:SB],i[SB +D1+(NO5+7)*8:SB +(NO5+7)*8],{DATA1{1'b0}},i[SA +D1:SA],i[SA +D1+(NO5+7)*8:SA +(NO5+7)*8]}; //NO5_0
				                                                                                                                                                              |
ncelab: *W,BNDWRN (./IPF.v,265|162): Bit-select or part-select index out of declared bounds.
				0:locali_5_s0r1_id3<={{DATA3{1'b0}},{DATA1{1'b0}},i[SB +D1:SB],i[SB +D1+(NO5+7)*8:SB +(NO5+7)*8],{DATA1{1'b0}},i[SA +D1:SA],i[SA +D1+(NO5+7)*8:SA +(NO5+7)*8]}; //NO5_0
				                                                                                                                            |
ncelab: *W,BNDWRN (./IPF.v,276|128): Bit-select or part-select index out of declared bounds.
				0:locali_7_s0r1_id34<={i[D3+(NO7+5)*8:(NO7+5)*8],i[SB +D3+(NO7+5)*8:SB +(NO7+5)*8],i[SA +D3+(NO7+5)*8:SA +(NO7+5)*8]};
				                                                                                   |
ncelab: *W,BNDWRN (./IPF.v,426|87): Bit-select or part-select index out of declared bounds.
				0:locali_7_s0r1_id5<={{DATA6{1'b0}},i[SA +D3+(NO7+5)*8:SA +(NO7+5)*8]};
				                                    |
ncelab: *W,BNDWRN (./IPF.v,437|40): Bit-select or part-select index out of declared bounds.
				0:locali_7_s0r2_id34<={i[D2:0],i[D1+(NO7+7)*8:(NO7+7)*8],i[SB +D2+NO7*8:SB +NO7*8],i[SB +D1+(NO7+7)*8:SB +(NO7+7)*8],i[SA +D2+NO7*8:SA +NO7*8],i[SA +D1+(NO7+7)*8:SA +(NO7+7)*8]};
				                                                                                                                                               |
ncelab: *W,BNDWRN (./IPF.v,480|147): Bit-select or part-select index out of declared bounds.
				0:locali_7_s0r2_id5<={{DATA6{1'b0}},i[SA +D2+NO7*8:SA +NO7*8],i[SA +D1+(NO7+7)*8:SA +(NO7+7)*8]};
				                                                              |
ncelab: *W,BNDWRN (./IPF.v,491|66): Bit-select or part-select index out of declared bounds.
.
				0:locali_5_s0r1_id2<={{DATA1{1'b0}},i[D1:0],i[D1+(NO5+7)*8:(NO5+7)*8],{DATA1{1'b0}},i[SB +D1:SB],i[SB +D1+(NO5+7)*8:SB +(NO5+7)*8],{DATA1{1'b0}},i[SA +D1:SA],i[SA +D1+(NO5+7)*8:SA +(NO5+7)*8]}; //NO5_0
				                                                                                                                                                              |
ncelab: *W,BNDWRN (./IPF.v,265|162): Bit-select or part-select index out of declared bounds.
				0:locali_5_s0r1_id3<={{DATA3{1'b0}},{DATA1{1'b0}},i[SB +D1:SB],i[SB +D1+(NO5+7)*8:SB +(NO5+7)*8],{DATA1{1'b0}},i[SA +D1:SA],i[SA +D1+(NO5+7)*8:SA +(NO5+7)*8]}; //NO5_0
				                                                                                                                            |
ncelab: *W,BNDWRN (./IPF.v,276|128): Bit-select or part-select index out of declared bounds.
				0:locali_7_s0r1_id34<={i[D3+(NO7+5)*8:(NO7+5)*8],i[SB +D3+(NO7+5)*8:SB +(NO7+5)*8],i[SA +D3+(NO7+5)*8:SA +(NO7+5)*8]};
				                                                                                   |
ncelab: *W,BNDWRN (./IPF.v,426|87): Bit-select or part-select index out of declared bounds.
				0:locali_7_s0r1_id5<={{DATA6{1'b0}},i[SA +D3+(NO7+5)*8:SA +(NO7+5)*8]};
				                                    |
ncelab: *W,BNDWRN (./IPF.v,437|40): Bit-select or part-select index out of declared bounds.
				0:locali_7_s0r2_id34<={i[D2:0],i[D1+(NO7+7)*8:(NO7+7)*8],i[SB +D2+NO7*8:SB +NO7*8],i[SB +D1+(NO7+7)*8:SB +(NO7+7)*8],i[SA +D2+NO7*8:SA +NO7*8],i[SA +D1+(NO7+7)*8:SA +(NO7+7)*8]};
				                                                                                                                                               |
ncelab: *W,BNDWRN (./IPF.v,480|147): Bit-select or part-select index out of declared bounds.
				0:locali_7_s0r2_id5<={{DATA6{1'b0}},i[SA +D2+NO7*8:SA +NO7*8],i[SA +D1+(NO7+7)*8:SA +(NO7+7)*8]};
				                                                              |
ncelab: *W,BNDWRN (./IPF.v,491|66): Bit-select or part-select index out of declared bounds.
				default: locali_3 <= {i[D3+NO3*8 : NO3*8] ,i[SB +D3+NO3*8 :SB +NO3*8] ,i[SA +D3+NO3*8 : SA +NO3*8] };
				                                                                       |
ncelab: *W,BNDWRN (./IPF.v,193|75): Bit-select or part-select index out of declared bounds.
				0:locali_5_s0r1_id2<={{DATA1{1'b0}},i[D1:0],i[D1+(NO5+7)*8:(NO5+7)*8],{DATA1{1'b0}},i[SB +D1:SB],i[SB +D1+(NO5+7)*8:SB +(NO5+7)*8],{DATA1{1'b0}},i[SA +D1:SA],i[SA +D1+(NO5+7)*8:SA +(NO5+7)*8]}; //NO5_0
				                                                                                                                                                              |
ncelab: *W,BNDWRN (./IPF.v,265|162): Bit-select or part-select index out of declared bounds.
				0:locali_5_s0r1_id3<={{DATA3{1'b0}},{DATA1{1'b0}},i[SB +D1:SB],i[SB +D1+(NO5+7)*8:SB +(NO5+7)*8],{DATA1{1'b0}},i[SA +D1:SA],i[SA +D1+(NO5+7)*8:SA +(NO5+7)*8]}; //NO5_0
				                                                                                                                            |
ncelab: *W,BNDWRN (./IPF.v,276|128): Bit-select or part-select index out of declared bounds.
				0:locali_7_s0r1_id34<={i[D3+(NO7+5)*8:(NO7+5)*8],i[SB +D3+(NO7+5)*8:SB +(NO7+5)*8],i[SA +D3+(NO7+5)*8:SA +(NO7+5)*8]};
				                                                                                   |
ncelab: *W,BNDWRN (./IPF.v,426|87): Bit-select or part-select index out of declared bounds.
				0:locali_7_s0r1_id5<={{DATA6{1'b0}},i[SA +D3+(NO7+5)*8:SA +(NO7+5)*8]};
				                                    |
ncelab: *W,BNDWRN (./IPF.v,437|40): Bit-select or part-select index out of declared bounds.
				0:locali_7_s0r2_id34<={i[D2:0],i[D1+(NO7+7)*8:(NO7+7)*8],i[SB +D2+NO7*8:SB +NO7*8],i[SB +D1+(NO7+7)*8:SB +(NO7+7)*8],i[SA +D2+NO7*8:SA +NO7*8],i[SA +D1+(NO7+7)*8:SA +(NO7+7)*8]};
				                                                                                                                                               |
ncelab: *W,BNDWRN (./IPF.v,480|147): Bit-select or part-select index out of declared bounds.
				0:locali_7_s0r2_id5<={{DATA6{1'b0}},i[SA +D2+NO7*8:SA +NO7*8],i[SA +D1+(NO7+7)*8:SA +(NO7+7)*8]};
				                                                              |
ncelab: *W,BNDWRN (./IPF.v,491|66): Bit-select or part-select index out of declared bounds.
				6:locali_3<={i[D1:0],i[D2+NO3*8 :NO3*8],i[SB +D1:SB +0],i[SB +D2+NO3*8 : SB +NO3*8],i[SA +D1:SA +0],i[SA +D2+NO3*8 : SA +NO3*8]};
				                                                                                                    |
ncelab: *W,BNDWRN (./IPF.v,191|104): Bit-select or part-select index out of declared bounds.
				default: locali_3 <= {i[D3+NO3*8 : NO3*8] ,i[SB +D3+NO3*8 :SB +NO3*8] ,i[SA +D3+NO3*8 : SA +NO3*8] };
				                                                                       |
ncelab: *W,BNDWRN (./IPF.v,193|75): Bit-select or part-select index out of declared bounds.
				0:locali_5_s0r1_id2<={{DATA1{1'b0}},i[D1:0],i[D1+(NO5+7)*8:(NO5+7)*8],{DATA1{1'b0}},i[SB +D1:SB],i[SB +D1+(NO5+7)*8:SB +(NO5+7)*8],{DATA1{1'b0}},i[SA +D1:SA],i[SA +D1+(NO5+7)*8:SA +(NO5+7)*8]}; //NO5_0
				                                                                                                                                                              |
ncelab: *W,BNDWRN (./IPF.v,265|162): Bit-select or part-select index out of declared bounds.
				0:locali_5_s0r1_id3<={{DATA3{1'b0}},{DATA1{1'b0}},i[SB +D1:SB],i[SB +D1+(NO5+7)*8:SB +(NO5+7)*8],{DATA1{1'b0}},i[SA +D1:SA],i[SA +D1+(NO5+7)*8:SA +(NO5+7)*8]}; //NO5_0
				                                                                                                                            |
ncelab: *W,BNDWRN (./IPF.v,276|128): Bit-select or part-select index out of declared bounds.
				0:locali_7_s0r1_id34<={i[D3+(NO7+5)*8:(NO7+5)*8],i[SB +D3+(NO7+5)*8:SB +(NO7+5)*8],i[SA +D3+(NO7+5)*8:SA +(NO7+5)*8]};
				                                                                                   |
ncelab: *W,BNDWRN (./IPF.v,426|87): Bit-select or part-select index out of declared bounds.
				0:locali_7_s0r1_id5<={{DATA6{1'b0}},i[SA +D3+(NO7+5)*8:SA +(NO7+5)*8]};
				                                    |
ncelab: *W,BNDWRN (./IPF.v,437|40): Bit-select or part-select index out of declared bounds.
				0:locali_7_s0r2_id34<={i[D2:0],i[D1+(NO7+7)*8:(NO7+7)*8],i[SB +D2+NO7*8:SB +NO7*8],i[SB +D1+(NO7+7)*8:SB +(NO7+7)*8],i[SA +D2+NO7*8:SA +NO7*8],i[SA +D1+(NO7+7)*8:SA +(NO7+7)*8]};
				                                                                                                                                               |
ncelab: *W,BNDWRN (./IPF.v,480|147): Bit-select or part-select index out of declared bounds.
				0:locali_7_s0r2_id5<={{DATA6{1'b0}},i[SA +D2+NO7*8:SA +NO7*8],i[SA +D1+(NO7+7)*8:SA +(NO7+7)*8]};
				                                                              |
ncelab: *W,BNDWRN (./IPF.v,491|66): Bit-select or part-select index out of declared bounds.
.
				default:locali_5_s0r1_id0<={i[D3+(NO5+4)*8:(NO5+4)*8],i[SB +D3+(NO5+4)*8:SB +(NO5+4)*8],i[SA +D3+(NO5+4)*8:SA +(NO5+4)*8]};
				                                                                                        |
ncelab: *W,BNDWRN (./IPF.v,243|92): Bit-select or part-select index out of declared bounds.
				default:locali_5_s0r1_id1<={{DATA3{1'b0}},i[SB +D3+(NO5+4)*8:SB +(NO5+4)*8],i[SA +D3+(NO5+4)*8:SA +(NO5+4)*8]};
				                                                                            |
ncelab: *W,BNDWRN (./IPF.v,255|80): Bit-select or part-select index out of declared bounds.
				0:locali_5_s0r1_id2<={{DATA1{1'b0}},i[D1:0],i[D1+(NO5+7)*8:(NO5+7)*8],{DATA1{1'b0}},i[SB +D1:SB],i[SB +D1+(NO5+7)*8:SB +(NO5+7)*8],{DATA1{1'b0}},i[SA +D1:SA],i[SA +D1+(NO5+7)*8:SA +(NO5+7)*8]}; //NO5_0
				                                                                                                                                                              |
ncelab: *W,BNDWRN (./IPF.v,265|162): Bit-select or part-select index out of declared bounds.
				0:locali_5_s0r1_id3<={{DATA3{1'b0}},{DATA1{1'b0}},i[SB +D1:SB],i[SB +D1+(NO5+7)*8:SB +(NO5+7)*8],{DATA1{1'b0}},i[SA +D1:SA],i[SA +D1+(NO5+7)*8:SA +(NO5+7)*8]}; //NO5_0
				                                                                                                                            |
ncelab: *W,BNDWRN (./IPF.v,276|128): Bit-select or part-select index out of declared bounds.
				0:locali_7_s0r1_id34<={i[D3+(NO7+5)*8:(NO7+5)*8],i[SB +D3+(NO7+5)*8:SB +(NO7+5)*8],i[SA +D3+(NO7+5)*8:SA +(NO7+5)*8]};
				                                                                                   |
ncelab: *W,BNDWRN (./IPF.v,426|87): Bit-select or part-select index out of declared bounds.
				0:locali_7_s0r1_id5<={{DATA6{1'b0}},i[SA +D3+(NO7+5)*8:SA +(NO7+5)*8]};
				                                    |
ncelab: *W,BNDWRN (./IPF.v,437|40): Bit-select or part-select index out of declared bounds.
				0:locali_7_s0r2_id34<={i[D2:0],i[D1+(NO7+7)*8:(NO7+7)*8],i[SB +D2+NO7*8:SB +NO7*8],i[SB +D1+(NO7+7)*8:SB +(NO7+7)*8],i[SA +D2+NO7*8:SA +NO7*8],i[SA +D1+(NO7+7)*8:SA +(NO7+7)*8]};
				                                                                                                                                               |
ncelab: *W,BNDWRN (./IPF.v,480|147): Bit-select or part-select index out of declared bounds.
				0:locali_7_s0r2_id5<={{DATA6{1'b0}},i[SA +D2+NO7*8:SA +NO7*8],i[SA +D1+(NO7+7)*8:SA +(NO7+7)*8]};
				                                                              |
ncelab: *W,BNDWRN (./IPF.v,491|66): Bit-select or part-select index out of declared bounds.
				default:locali_5_s0r1_id0<={i[D3+(NO5+4)*8:(NO5+4)*8],i[SB +D3+(NO5+4)*8:SB +(NO5+4)*8],i[SA +D3+(NO5+4)*8:SA +(NO5+4)*8]};
				                                                                                        |
ncelab: *W,BNDWRN (./IPF.v,243|92): Bit-select or part-select index out of declared bounds.
				default:locali_5_s0r1_id1<={{DATA3{1'b0}},i[SB +D3+(NO5+4)*8:SB +(NO5+4)*8],i[SA +D3+(NO5+4)*8:SA +(NO5+4)*8]};
				                                                                            |
ncelab: *W,BNDWRN (./IPF.v,255|80): Bit-select or part-select index out of declared bounds.
				0:locali_5_s0r1_id2<={{DATA1{1'b0}},i[D1:0],i[D1+(NO5+7)*8:(NO5+7)*8],{DATA1{1'b0}},i[SB +D1:SB],i[SB +D1+(NO5+7)*8:SB +(NO5+7)*8],{DATA1{1'b0}},i[SA +D1:SA],i[SA +D1+(NO5+7)*8:SA +(NO5+7)*8]}; //NO5_0
				                                                                                                                                                              |
ncelab: *W,BNDWRN (./IPF.v,265|162): Bit-select or part-select index out of declared bounds.
				0:locali_5_s0r1_id3<={{DATA3{1'b0}},{DATA1{1'b0}},i[SB +D1:SB],i[SB +D1+(NO5+7)*8:SB +(NO5+7)*8],{DATA1{1'b0}},i[SA +D1:SA],i[SA +D1+(NO5+7)*8:SA +(NO5+7)*8]}; //NO5_0
				                                                                                                                            |
ncelab: *W,BNDWRN (./IPF.v,276|128): Bit-select or part-select index out of declared bounds.
				0:locali_7_s0r1_id34<={i[D3+(NO7+5)*8:(NO7+5)*8],i[SB +D3+(NO7+5)*8:SB +(NO7+5)*8],i[SA +D3+(NO7+5)*8:SA +(NO7+5)*8]};
				                                                                                   |
ncelab: *W,BNDWRN (./IPF.v,426|87): Bit-select or part-select index out of declared bounds.
				0:locali_7_s0r1_id5<={{DATA6{1'b0}},i[SA +D3+(NO7+5)*8:SA +(NO7+5)*8]};
				                                    |
ncelab: *W,BNDWRN (./IPF.v,437|40): Bit-select or part-select index out of declared bounds.
				0:locali_7_s0r2_id34<={i[D2:0],i[D1+(NO7+7)*8:(NO7+7)*8],i[SB +D2+NO7*8:SB +NO7*8],i[SB +D1+(NO7+7)*8:SB +(NO7+7)*8],i[SA +D2+NO7*8:SA +NO7*8],i[SA +D1+(NO7+7)*8:SA +(NO7+7)*8]};
				                                                                                                                                               |
ncelab: *W,BNDWRN (./IPF.v,480|147): Bit-select or part-select index out of declared bounds.
				0:locali_7_s0r2_id5<={{DATA6{1'b0}},i[SA +D2+NO7*8:SA +NO7*8],i[SA +D1+(NO7+7)*8:SA +(NO7+7)*8]};
				                                                              |
ncelab: *W,BNDWRN (./IPF.v,491|66): Bit-select or part-select index out of declared bounds.
				default:locali_5_s0r1_id0<={i[D3+(NO5+4)*8:(NO5+4)*8],i[SB +D3+(NO5+4)*8:SB +(NO5+4)*8],i[SA +D3+(NO5+4)*8:SA +(NO5+4)*8]};
				                                                                                        |
ncelab: *W,BNDWRN (./IPF.v,243|92): Bit-select or part-select index out of declared bounds.
				default:locali_5_s0r1_id1<={{DATA3{1'b0}},i[SB +D3+(NO5+4)*8:SB +(NO5+4)*8],i[SA +D3+(NO5+4)*8:SA +(NO5+4)*8]};
				                                                                            |
ncelab: *W,BNDWRN (./IPF.v,255|80): Bit-select or part-select index out of declared bounds.
				0:locali_5_s0r1_id2<={{DATA1{1'b0}},i[D1:0],i[D1+(NO5+7)*8:(NO5+7)*8],{DATA1{1'b0}},i[SB +D1:SB],i[SB +D1+(NO5+7)*8:SB +(NO5+7)*8],{DATA1{1'b0}},i[SA +D1:SA],i[SA +D1+(NO5+7)*8:SA +(NO5+7)*8]}; //NO5_0
				                                                                                                                                                              |
ncelab: *W,BNDWRN (./IPF.v,265|162): Bit-select or part-select index out of declared bounds.
				0:locali_5_s0r1_id3<={{DATA3{1'b0}},{DATA1{1'b0}},i[SB +D1:SB],i[SB +D1+(NO5+7)*8:SB +(NO5+7)*8],{DATA1{1'b0}},i[SA +D1:SA],i[SA +D1+(NO5+7)*8:SA +(NO5+7)*8]}; //NO5_0
				                                                                                                                            |
ncelab: *W,BNDWRN (./IPF.v,276|128): Bit-select or part-select index out of declared bounds.
				0:locali_7_s0r1_id34<={i[D3+(NO7+5)*8:(NO7+5)*8],i[SB +D3+(NO7+5)*8:SB +(NO7+5)*8],i[SA +D3+(NO7+5)*8:SA +(NO7+5)*8]};
				                                                                                   |
ncelab: *W,BNDWRN (./IPF.v,426|87): Bit-select or part-select index out of declared bounds.
				0:locali_7_s0r1_id5<={{DATA6{1'b0}},i[SA +D3+(NO7+5)*8:SA +(NO7+5)*8]};
				                                    |
ncelab: *W,BNDWRN (./IPF.v,437|40): Bit-select or part-select index out of declared bounds.
				0:locali_7_s0r2_id34<={i[D2:0],i[D1+(NO7+7)*8:(NO7+7)*8],i[SB +D2+NO7*8:SB +NO7*8],i[SB +D1+(NO7+7)*8:SB +(NO7+7)*8],i[SA +D2+NO7*8:SA +NO7*8],i[SA +D1+(NO7+7)*8:SA +(NO7+7)*8]};
				                                                                                                                                               |
ncelab: *W,BNDWRN (./IPF.v,480|147): Bit-select or part-select index out of declared bounds.
				0:locali_7_s0r2_id5<={{DATA6{1'b0}},i[SA +D2+NO7*8:SA +NO7*8],i[SA +D1+(NO7+7)*8:SA +(NO7+7)*8]};
				                                                              |
ncelab: *W,BNDWRN (./IPF.v,491|66): Bit-select or part-select index out of declared bounds.
				default:locali_5_s0r1_id0<={i[D3+(NO5+4)*8:(NO5+4)*8],i[SB +D3+(NO5+4)*8:SB +(NO5+4)*8],i[SA +D3+(NO5+4)*8:SA +(NO5+4)*8]};
				                                                                                        |
ncelab: *W,BNDWRN (./IPF.v,243|92): Bit-select or part-select index out of declared bounds.
				default:locali_5_s0r1_id1<={{DATA3{1'b0}},i[SB +D3+(NO5+4)*8:SB +(NO5+4)*8],i[SA +D3+(NO5+4)*8:SA +(NO5+4)*8]};
				                                                                            |
ncelab: *W,BNDWRN (./IPF.v,255|80): Bit-select or part-select index out of declared bounds.
				0:locali_5_s0r1_id2<={{DATA1{1'b0}},i[D1:0],i[D1+(NO5+7)*8:(NO5+7)*8],{DATA1{1'b0}},i[SB +D1:SB],i[SB +D1+(NO5+7)*8:SB +(NO5+7)*8],{DATA1{1'b0}},i[SA +D1:SA],i[SA +D1+(NO5+7)*8:SA +(NO5+7)*8]}; //NO5_0
				                                                                                                                                                              |
ncelab: *W,BNDWRN (./IPF.v,265|162): Bit-select or part-select index out of declared bounds.
				0:locali_5_s0r1_id3<={{DATA3{1'b0}},{DATA1{1'b0}},i[SB +D1:SB],i[SB +D1+(NO5+7)*8:SB +(NO5+7)*8],{DATA1{1'b0}},i[SA +D1:SA],i[SA +D1+(NO5+7)*8:SA +(NO5+7)*8]}; //NO5_0
				                                                                                                                            |
ncelab: *W,BNDWRN (./IPF.v,276|128): Bit-select or part-select index out of declared bounds.
				0:locali_7_s0r1_id34<={i[D3+(NO7+5)*8:(NO7+5)*8],i[SB +D3+(NO7+5)*8:SB +(NO7+5)*8],i[SA +D3+(NO7+5)*8:SA +(NO7+5)*8]};
				                                                                                   |
ncelab: *W,BNDWRN (./IPF.v,426|87): Bit-select or part-select index out of declared bounds.
				0:locali_7_s0r1_id5<={{DATA6{1'b0}},i[SA +D3+(NO7+5)*8:SA +(NO7+5)*8]};
				                                    |
ncelab: *W,BNDWRN (./IPF.v,437|40): Bit-select or part-select index out of declared bounds.
				0:locali_7_s0r2_id34<={i[D2:0],i[D1+(NO7+7)*8:(NO7+7)*8],i[SB +D2+NO7*8:SB +NO7*8],i[SB +D1+(NO7+7)*8:SB +(NO7+7)*8],i[SA +D2+NO7*8:SA +NO7*8],i[SA +D1+(NO7+7)*8:SA +(NO7+7)*8]};
				                                                                                                                                               |
ncelab: *W,BNDWRN (./IPF.v,480|147): Bit-select or part-select index out of declared bounds.
				0:locali_7_s0r2_id5<={{DATA6{1'b0}},i[SA +D2+NO7*8:SA +NO7*8],i[SA +D1+(NO7+7)*8:SA +(NO7+7)*8]};
				                                                              |
ncelab: *W,BNDWRN (./IPF.v,491|66): Bit-select or part-select index out of declared bounds.
.
				2:locali_5_s0r1_id0<= {i[D1:0],i[D2+(NO5+4)*8:(NO5+4)*8],i[SB +D1:SB],i[SB +D2+(NO5+4)*8:SB +(NO5+4)*8],i[SA +D1:SA],i[SA +D2+(NO5+4)*8:SA +(NO5+4)*8]};
				                                                                                                                     |
ncelab: *W,BNDWRN (./IPF.v,241|121): Bit-select or part-select index out of declared bounds.
				default:locali_5_s0r1_id0<={i[D3+(NO5+4)*8:(NO5+4)*8],i[SB +D3+(NO5+4)*8:SB +(NO5+4)*8],i[SA +D3+(NO5+4)*8:SA +(NO5+4)*8]};
				                                                                                        |
ncelab: *W,BNDWRN (./IPF.v,243|92): Bit-select or part-select index out of declared bounds.
				2:locali_5_s0r1_id1<= {{DATA3{1'b0}},i[SB +D1:SB],i[SB +D2+(NO5+4)*8:SB +(NO5+4)*8],i[SA +D1:SA],i[SA +D2+(NO5+4)*8:SA +(NO5+4)*8]};
				                                                                                                 |
ncelab: *W,BNDWRN (./IPF.v,253|101): Bit-select or part-select index out of declared bounds.
				default:locali_5_s0r1_id1<={{DATA3{1'b0}},i[SB +D3+(NO5+4)*8:SB +(NO5+4)*8],i[SA +D3+(NO5+4)*8:SA +(NO5+4)*8]};
				                                                                            |
ncelab: *W,BNDWRN (./IPF.v,255|80): Bit-select or part-select index out of declared bounds.
				0:locali_5_s0r1_id2<={{DATA1{1'b0}},i[D1:0],i[D1+(NO5+7)*8:(NO5+7)*8],{DATA1{1'b0}},i[SB +D1:SB],i[SB +D1+(NO5+7)*8:SB +(NO5+7)*8],{DATA1{1'b0}},i[SA +D1:SA],i[SA +D1+(NO5+7)*8:SA +(NO5+7)*8]}; //NO5_0
				                                                                                                                                                              |
ncelab: *W,BNDWRN (./IPF.v,265|162): Bit-select or part-select index out of declared bounds.
				0:locali_5_s0r1_id3<={{DATA3{1'b0}},{DATA1{1'b0}},i[SB +D1:SB],i[SB +D1+(NO5+7)*8:SB +(NO5+7)*8],{DATA1{1'b0}},i[SA +D1:SA],i[SA +D1+(NO5+7)*8:SA +(NO5+7)*8]}; //NO5_0
				                                                                                                                            |
ncelab: *W,BNDWRN (./IPF.v,276|128): Bit-select or part-select index out of declared bounds.
				default:locali_5_s1_id0<={i[D3+(NO5*2)*8:(NO5*2)*8],i[SB +D3+(NO5*2)*8:SB +(NO5*2)*8],i[SA +D3+(NO5*2)*8:SA +(NO5*2)*8]};
				                                                                                      |
ncelab: *W,BNDWRN (./IPF.v,317|90): Bit-select or part-select index out of declared bounds.
				default:locali_5_s1_id1<={{DATA3{1'b0}},i[SB +D3+(NO5*2)*8:SB +(NO5*2)*8],i[SA +D3+(NO5*2)*8:SA +(NO5*2)*8]};
				                                                                          |
ncelab: *W,BNDWRN (./IPF.v,328|78): Bit-select or part-select index out of declared bounds.
				0:locali_7_s0r1_id34<={i[D3+(NO7+5)*8:(NO7+5)*8],i[SB +D3+(NO7+5)*8:SB +(NO7+5)*8],i[SA +D3+(NO7+5)*8:SA +(NO7+5)*8]};
				                                                                                   |
ncelab: *W,BNDWRN (./IPF.v,426|87): Bit-select or part-select index out of declared bounds.
				0:locali_7_s0r1_id5<={{DATA6{1'b0}},i[SA +D3+(NO7+5)*8:SA +(NO7+5)*8]};
				                                    |
ncelab: *W,BNDWRN (./IPF.v,437|40): Bit-select or part-select index out of declared bounds.
				0:locali_7_s0r2_id34<={i[D2:0],i[D1+(NO7+7)*8:(NO7+7)*8],i[SB +D2+NO7*8:SB +NO7*8],i[SB +D1+(NO7+7)*8:SB +(NO7+7)*8],i[SA +D2+NO7*8:SA +NO7*8],i[SA +D1+(NO7+7)*8:SA +(NO7+7)*8]};
				                                                                                                                                               |
ncelab: *W,BNDWRN (./IPF.v,480|147): Bit-select or part-select index out of declared bounds.
				0:locali_7_s0r2_id5<={{DATA6{1'b0}},i[SA +D2+NO7*8:SA +NO7*8],i[SA +D1+(NO7+7)*8:SA +(NO7+7)*8]};
				                                                              |
ncelab: *W,BNDWRN (./IPF.v,491|66): Bit-select or part-select index out of declared bounds.
				2:locali_5_s0r1_id0<= {i[D1:0],i[D2+(NO5+4)*8:(NO5+4)*8],i[SB +D1:SB],i[SB +D2+(NO5+4)*8:SB +(NO5+4)*8],i[SA +D1:SA],i[SA +D2+(NO5+4)*8:SA +(NO5+4)*8]};
				                                                                                                                     |
ncelab: *W,BNDWRN (./IPF.v,241|121): Bit-select or part-select index out of declared bounds.
				default:locali_5_s0r1_id0<={i[D3+(NO5+4)*8:(NO5+4)*8],i[SB +D3+(NO5+4)*8:SB +(NO5+4)*8],i[SA +D3+(NO5+4)*8:SA +(NO5+4)*8]};
				                                                                                        |
ncelab: *W,BNDWRN (./IPF.v,243|92): Bit-select or part-select index out of declared bounds.
				2:locali_5_s0r1_id1<= {{DATA3{1'b0}},i[SB +D1:SB],i[SB +D2+(NO5+4)*8:SB +(NO5+4)*8],i[SA +D1:SA],i[SA +D2+(NO5+4)*8:SA +(NO5+4)*8]};
				                                                                                                 |
ncelab: *W,BNDWRN (./IPF.v,253|101): Bit-select or part-select index out of declared bounds.
				default:locali_5_s0r1_id1<={{DATA3{1'b0}},i[SB +D3+(NO5+4)*8:SB +(NO5+4)*8],i[SA +D3+(NO5+4)*8:SA +(NO5+4)*8]};
				                                                                            |
ncelab: *W,BNDWRN (./IPF.v,255|80): Bit-select or part-select index out of declared bounds.
				0:locali_5_s0r1_id2<={{DATA1{1'b0}},i[D1:0],i[D1+(NO5+7)*8:(NO5+7)*8],{DATA1{1'b0}},i[SB +D1:SB],i[SB +D1+(NO5+7)*8:SB +(NO5+7)*8],{DATA1{1'b0}},i[SA +D1:SA],i[SA +D1+(NO5+7)*8:SA +(NO5+7)*8]}; //NO5_0
				                                                                                                                                                              |
ncelab: *W,BNDWRN (./IPF.v,265|162): Bit-select or part-select index out of declared bounds.
				0:locali_5_s0r1_id3<={{DATA3{1'b0}},{DATA1{1'b0}},i[SB +D1:SB],i[SB +D1+(NO5+7)*8:SB +(NO5+7)*8],{DATA1{1'b0}},i[SA +D1:SA],i[SA +D1+(NO5+7)*8:SA +(NO5+7)*8]}; //NO5_0
				                                                                                                                            |
ncelab: *W,BNDWRN (./IPF.v,276|128): Bit-select or part-select index out of declared bounds.
				default:locali_5_s1_id0<={i[D3+(NO5*2)*8:(NO5*2)*8],i[SB +D3+(NO5*2)*8:SB +(NO5*2)*8],i[SA +D3+(NO5*2)*8:SA +(NO5*2)*8]};
				                                                                                      |
ncelab: *W,BNDWRN (./IPF.v,317|90): Bit-select or part-select index out of declared bounds.
				default:locali_5_s1_id1<={{DATA3{1'b0}},i[SB +D3+(NO5*2)*8:SB +(NO5*2)*8],i[SA +D3+(NO5*2)*8:SA +(NO5*2)*8]};
				                                                                          |
ncelab: *W,BNDWRN (./IPF.v,328|78): Bit-select or part-select index out of declared bounds.
				0:locali_7_s0r1_id34<={i[D3+(NO7+5)*8:(NO7+5)*8],i[SB +D3+(NO7+5)*8:SB +(NO7+5)*8],i[SA +D3+(NO7+5)*8:SA +(NO7+5)*8]};
				                                                                                   |
ncelab: *W,BNDWRN (./IPF.v,426|87): Bit-select or part-select index out of declared bounds.
				0:locali_7_s0r1_id5<={{DATA6{1'b0}},i[SA +D3+(NO7+5)*8:SA +(NO7+5)*8]};
				                                    |
ncelab: *W,BNDWRN (./IPF.v,437|40): Bit-select or part-select index out of declared bounds.
				0:locali_7_s0r2_id34<={i[D2:0],i[D1+(NO7+7)*8:(NO7+7)*8],i[SB +D2+NO7*8:SB +NO7*8],i[SB +D1+(NO7+7)*8:SB +(NO7+7)*8],i[SA +D2+NO7*8:SA +NO7*8],i[SA +D1+(NO7+7)*8:SA +(NO7+7)*8]};
				                                                                                                                                               |
ncelab: *W,BNDWRN (./IPF.v,480|147): Bit-select or part-select index out of declared bounds.
				0:locali_7_s0r2_id5<={{DATA6{1'b0}},i[SA +D2+NO7*8:SA +NO7*8],i[SA +D1+(NO7+7)*8:SA +(NO7+7)*8]};
				                                                              |
ncelab: *W,BNDWRN (./IPF.v,491|66): Bit-select or part-select index out of declared bounds.
				default: locali_3 <= {i[D3+NO3*8 : NO3*8] ,i[SB +D3+NO3*8 :SB +NO3*8] ,i[SA +D3+NO3*8 : SA +NO3*8] };
				                                                                       |
ncelab: *W,BNDWRN (./IPF.v,193|75): Bit-select or part-select index out of declared bounds.
				2:locali_5_s0r1_id0<= {i[D1:0],i[D2+(NO5+4)*8:(NO5+4)*8],i[SB +D1:SB],i[SB +D2+(NO5+4)*8:SB +(NO5+4)*8],i[SA +D1:SA],i[SA +D2+(NO5+4)*8:SA +(NO5+4)*8]};
				                                                                                                                     |
ncelab: *W,BNDWRN (./IPF.v,241|121): Bit-select or part-select index out of declared bounds.
				default:locali_5_s0r1_id0<={i[D3+(NO5+4)*8:(NO5+4)*8],i[SB +D3+(NO5+4)*8:SB +(NO5+4)*8],i[SA +D3+(NO5+4)*8:SA +(NO5+4)*8]};
				                                                                                        |
ncelab: *W,BNDWRN (./IPF.v,243|92): Bit-select or part-select index out of declared bounds.
				2:locali_5_s0r1_id1<= {{DATA3{1'b0}},i[SB +D1:SB],i[SB +D2+(NO5+4)*8:SB +(NO5+4)*8],i[SA +D1:SA],i[SA +D2+(NO5+4)*8:SA +(NO5+4)*8]};
				                                                                                                 |
ncelab: *W,BNDWRN (./IPF.v,253|101): Bit-select or part-select index out of declared bounds.
				default:locali_5_s0r1_id1<={{DATA3{1'b0}},i[SB +D3+(NO5+4)*8:SB +(NO5+4)*8],i[SA +D3+(NO5+4)*8:SA +(NO5+4)*8]};
				                                                                            |
ncelab: *W,BNDWRN (./IPF.v,255|80): Bit-select or part-select index out of declared bounds.
				0:locali_5_s0r1_id2<={{DATA1{1'b0}},i[D1:0],i[D1+(NO5+7)*8:(NO5+7)*8],{DATA1{1'b0}},i[SB +D1:SB],i[SB +D1+(NO5+7)*8:SB +(NO5+7)*8],{DATA1{1'b0}},i[SA +D1:SA],i[SA +D1+(NO5+7)*8:SA +(NO5+7)*8]}; //NO5_0
				                                                                                                                                                              |
ncelab: *W,BNDWRN (./IPF.v,265|162): Bit-select or part-select index out of declared bounds.
				0:locali_5_s0r1_id3<={{DATA3{1'b0}},{DATA1{1'b0}},i[SB +D1:SB],i[SB +D1+(NO5+7)*8:SB +(NO5+7)*8],{DATA1{1'b0}},i[SA +D1:SA],i[SA +D1+(NO5+7)*8:SA +(NO5+7)*8]}; //NO5_0
				                                                                                                                            |
ncelab: *W,BNDWRN (./IPF.v,276|128): Bit-select or part-select index out of declared bounds.
				default:locali_5_s1_id0<={i[D3+(NO5*2)*8:(NO5*2)*8],i[SB +D3+(NO5*2)*8:SB +(NO5*2)*8],i[SA +D3+(NO5*2)*8:SA +(NO5*2)*8]};
				                                                                                      |
ncelab: *W,BNDWRN (./IPF.v,317|90): Bit-select or part-select index out of declared bounds.
				default:locali_5_s1_id1<={{DATA3{1'b0}},i[SB +D3+(NO5*2)*8:SB +(NO5*2)*8],i[SA +D3+(NO5*2)*8:SA +(NO5*2)*8]};
				                                                                          |
ncelab: *W,BNDWRN (./IPF.v,328|78): Bit-select or part-select index out of declared bounds.
				0:locali_7_s0r1_id34<={i[D3+(NO7+5)*8:(NO7+5)*8],i[SB +D3+(NO7+5)*8:SB +(NO7+5)*8],i[SA +D3+(NO7+5)*8:SA +(NO7+5)*8]};
				                                                                                   |
ncelab: *W,BNDWRN (./IPF.v,426|87): Bit-select or part-select index out of declared bounds.
				0:locali_7_s0r1_id5<={{DATA6{1'b0}},i[SA +D3+(NO7+5)*8:SA +(NO7+5)*8]};
				                                    |
ncelab: *W,BNDWRN (./IPF.v,437|40): Bit-select or part-select index out of declared bounds.
				0:locali_7_s0r2_id34<={i[D2:0],i[D1+(NO7+7)*8:(NO7+7)*8],i[SB +D2+NO7*8:SB +NO7*8],i[SB +D1+(NO7+7)*8:SB +(NO7+7)*8],i[SA +D2+NO7*8:SA +NO7*8],i[SA +D1+(NO7+7)*8:SA +(NO7+7)*8]};
				                                                                                                                                               |
ncelab: *W,BNDWRN (./IPF.v,480|147): Bit-select or part-select index out of declared bounds.
				0:locali_7_s0r2_id5<={{DATA6{1'b0}},i[SA +D2+NO7*8:SA +NO7*8],i[SA +D1+(NO7+7)*8:SA +(NO7+7)*8]};
				                                                              |
ncelab: *W,BNDWRN (./IPF.v,491|66): Bit-select or part-select index out of declared bounds.
.
				6:locali_3<={i[D1:0],i[D2+NO3*8 :NO3*8],i[SB +D1:SB +0],i[SB +D2+NO3*8 : SB +NO3*8],i[SA +D1:SA +0],i[SA +D2+NO3*8 : SA +NO3*8]};
				                                                                                                    |
ncelab: *W,BNDWRN (./IPF.v,191|104): Bit-select or part-select index out of declared bounds.
				default: locali_3 <= {i[D3+NO3*8 : NO3*8] ,i[SB +D3+NO3*8 :SB +NO3*8] ,i[SA +D3+NO3*8 : SA +NO3*8] };
				                                                                       |
ncelab: *W,BNDWRN (./IPF.v,193|75): Bit-select or part-select index out of declared bounds.
				2:locali_5_s0r1_id0<= {i[D1:0],i[D2+(NO5+4)*8:(NO5+4)*8],i[SB +D1:SB],i[SB +D2+(NO5+4)*8:SB +(NO5+4)*8],i[SA +D1:SA],i[SA +D2+(NO5+4)*8:SA +(NO5+4)*8]};
				                                                                                                                     |
ncelab: *W,BNDWRN (./IPF.v,241|121): Bit-select or part-select index out of declared bounds.
				default:locali_5_s0r1_id0<={i[D3+(NO5+4)*8:(NO5+4)*8],i[SB +D3+(NO5+4)*8:SB +(NO5+4)*8],i[SA +D3+(NO5+4)*8:SA +(NO5+4)*8]};
				                                                                                        |
ncelab: *W,BNDWRN (./IPF.v,243|92): Bit-select or part-select index out of declared bounds.
				2:locali_5_s0r1_id1<= {{DATA3{1'b0}},i[SB +D1:SB],i[SB +D2+(NO5+4)*8:SB +(NO5+4)*8],i[SA +D1:SA],i[SA +D2+(NO5+4)*8:SA +(NO5+4)*8]};
				                                                                                                 |
ncelab: *W,BNDWRN (./IPF.v,253|101): Bit-select or part-select index out of declared bounds.
				default:locali_5_s0r1_id1<={{DATA3{1'b0}},i[SB +D3+(NO5+4)*8:SB +(NO5+4)*8],i[SA +D3+(NO5+4)*8:SA +(NO5+4)*8]};
				                                                                            |
ncelab: *W,BNDWRN (./IPF.v,255|80): Bit-select or part-select index out of declared bounds.
				0:locali_5_s0r1_id2<={{DATA1{1'b0}},i[D1:0],i[D1+(NO5+7)*8:(NO5+7)*8],{DATA1{1'b0}},i[SB +D1:SB],i[SB +D1+(NO5+7)*8:SB +(NO5+7)*8],{DATA1{1'b0}},i[SA +D1:SA],i[SA +D1+(NO5+7)*8:SA +(NO5+7)*8]}; //NO5_0
				                                                                                                                                                              |
ncelab: *W,BNDWRN (./IPF.v,265|162): Bit-select or part-select index out of declared bounds.
				0:locali_5_s0r1_id3<={{DATA3{1'b0}},{DATA1{1'b0}},i[SB +D1:SB],i[SB +D1+(NO5+7)*8:SB +(NO5+7)*8],{DATA1{1'b0}},i[SA +D1:SA],i[SA +D1+(NO5+7)*8:SA +(NO5+7)*8]}; //NO5_0
				                                                                                                                            |
ncelab: *W,BNDWRN (./IPF.v,276|128): Bit-select or part-select index out of declared bounds.
				default:locali_5_s1_id0<={i[D3+(NO5*2)*8:(NO5*2)*8],i[SB +D3+(NO5*2)*8:SB +(NO5*2)*8],i[SA +D3+(NO5*2)*8:SA +(NO5*2)*8]};
				                                                                                      |
ncelab: *W,BNDWRN (./IPF.v,317|90): Bit-select or part-select index out of declared bounds.
				default:locali_5_s1_id1<={{DATA3{1'b0}},i[SB +D3+(NO5*2)*8:SB +(NO5*2)*8],i[SA +D3+(NO5*2)*8:SA +(NO5*2)*8]};
				                                                                          |
ncelab: *W,BNDWRN (./IPF.v,328|78): Bit-select or part-select index out of declared bounds.
				0:locali_7_s0r1_id34<={i[D3+(NO7+5)*8:(NO7+5)*8],i[SB +D3+(NO7+5)*8:SB +(NO7+5)*8],i[SA +D3+(NO7+5)*8:SA +(NO7+5)*8]};
				                                                                                   |
ncelab: *W,BNDWRN (./IPF.v,426|87): Bit-select or part-select index out of declared bounds.
				0:locali_7_s0r1_id5<={{DATA6{1'b0}},i[SA +D3+(NO7+5)*8:SA +(NO7+5)*8]};
				                                    |
ncelab: *W,BNDWRN (./IPF.v,437|40): Bit-select or part-select index out of declared bounds.
				0:locali_7_s0r2_id34<={i[D2:0],i[D1+(NO7+7)*8:(NO7+7)*8],i[SB +D2+NO7*8:SB +NO7*8],i[SB +D1+(NO7+7)*8:SB +(NO7+7)*8],i[SA +D2+NO7*8:SA +NO7*8],i[SA +D1+(NO7+7)*8:SA +(NO7+7)*8]};
				                                                                                                                                               |
ncelab: *W,BNDWRN (./IPF.v,480|147): Bit-select or part-select index out of declared bounds.
				0:locali_7_s0r2_id5<={{DATA6{1'b0}},i[SA +D2+NO7*8:SA +NO7*8],i[SA +D1+(NO7+7)*8:SA +(NO7+7)*8]};
				                                                              |
ncelab: *W,BNDWRN (./IPF.v,491|66): Bit-select or part-select index out of declared bounds.
.......... Done
	Generating native compiled code:
		worklib.CUBE:v <0x041358bd>
			streams: 167, words: 119831
		worklib.CUBE:v <0x094e4519>
			streams: 167, words: 120229
		worklib.CUBE:v <0x0bef7c08>
			streams: 167, words: 120016
		worklib.CUBE:v <0x109f8e1c>
			streams: 167, words: 119872
		worklib.CUBE:v <0x147ad8dc>
			streams: 167, words: 120099
		worklib.CUBE:v <0x15b0bdd1>
			streams: 167, words: 120227
		worklib.CUBE:v <0x1773b3cd>
			streams: 167, words: 120252
		worklib.CUBE:v <0x1dea68aa>
			streams: 167, words: 120135
		worklib.CUBE:v <0x20176ab5>
			streams: 167, words: 119816
		worklib.CUBE:v <0x2b3cabec>
			streams: 167, words: 119702
		worklib.CUBE:v <0x324b851e>
			streams: 167, words: 119876
		worklib.CUBE:v <0x345f6eee>
			streams: 167, words: 120138
		worklib.CUBE:v <0x36127e17>
			streams: 167, words: 119943
		worklib.CUBE:v <0x3930c066>
			streams: 167, words: 120068
		worklib.CUBE:v <0x3d39bf4e>
			streams: 167, words: 120496
		worklib.CUBE:v <0x3dade995>
			streams: 167, words: 120108
		worklib.CUBE:v <0x441a15d9>
			streams: 167, words: 119928
		worklib.CUBE:v <0x46bb2cc8>
			streams: 167, words: 120339
		worklib.CUBE:v <0x4be6316c>
			streams: 167, words: 119947
		worklib.CUBE:v <0x521f017b>
			streams: 167, words: 120169
		worklib.CUBE:v <0x5886da1c>
			streams: 167, words: 120362
		worklib.CUBE:v <0x5a45d400>
			streams: 167, words: 120117
		worklib.CUBE:v <0x5b8fb10d>
			streams: 167, words: 120209
		worklib.CUBE:v <0x5f6ae7cd>
			streams: 167, words: 119762
		worklib.CUBE:v <0x64c9c23d>
			streams: 167, words: 119812
		worklib.CUBE:v <0x6fe20364>
			streams: 167, words: 119946
		worklib.CUBE:v <0x72588044>
			streams: 167, words: 119998
		worklib.CUBE:v <0x72ccd69f>
			streams: 167, words: 120386
		worklib.CUBE:v <0x76c5a9b7>
			streams: 167, words: 120034
		worklib.CUBE:v <0x79e717c6>
			streams: 167, words: 119813
		worklib.CUBE:v <0x7baa073f>
			streams: 167, words: 120028
		worklib.CUBE:v <0x7dbeeccf>
			streams: 167, words: 119766
		worklib.IPF:v <0x2061c912>
			streams: 169, words: 305240
	Building instance specific data structures.
	Loading native compiled code:     .................... Done
	Design hierarchy summary:
		                   Instances  Unique
		Modules:                  67       4
		Registers:              6748     196
		Scalar wires:            134       -
		Expanded wires:         9216      64
		Vectored wires:          332       -
		Always blocks:          3924      81
		Initial blocks:            6       6
		Pseudo assignments:       72      72
		Simulation timescale:  100ps
	Writing initial simulation snapshot: worklib.IPF_tb:v
Loading snapshot worklib.IPF_tb:v .................... Done
*Verdi3* Loading libsscore_ius152.so
*Verdi3* : Enable Parallel Dumping.
ncsim> source /usr/cad/cadence/INCISIV/cur/tools/inca/files/ncsimrc
ncsim> run
ncsim: *W,RMEMAR: $readmem warning: address incremented out of range. Too many data words read
	at line 19 of file "./mul_data_w.dat". Current address: 18, address range: [0:17].
            File: ./IPF_tb.v, line = 95, pos = 25
           Scope: IPF_tb
            Time: 0 FS + 0

FSDB Dumper for IUS, Release Verdi3_L-2016.06-SP1-1, Linux, 09/27/2016
(C) 1996 - 2016 by Synopsys, Inc.
*Verdi3* FSDB WARNING: The FSDB file already exists. Overwriting the FSDB file may crash the programs that are using this file.
*Verdi3* : Create FSDB file 'IPF.fsdb'
*Verdi3* : Begin traversing the scopes, layer (0).
*Verdi3* : Enable +mda dumping.
*Verdi3* : End of traversing.
GOGO!!

END in W

END compute  0-7 I ~

END in 5*5 W

END compute second round 55~ 

END compute 0-7i 

END in 7*7 W

END compute second round(8i) 

END compute 3 round(8i) 

END compute 4 round(8i)~ 

END compute first round(16i) , 7*7 1st round~ 

END compute first round(8i) , 7*7 2nd round~ 

END compute 0-7i 

END in W

END compute padding~

finish~

Simulation complete via $finish(1) at time 9675 NS + 0
./IPF_tb.v:1186 	    repeat(20)@(posedge clk) ;   $finish;
ncsim> exit
TOOL:	ncverilog	15.20-s039: Exiting on Mar 29, 2020 at 12:41:47 CST  (total: 00:00:05)
